"/home/mlacage/cvs/glib/glib:ghash.c:IA__g_hash_table_destroy" -> "/home/mlacage/cvs/glib/glib:ghash.c:g_hash_nodes_destroy" [label=178];
"/home/mlacage/cvs/glib/glib:ghash.c:IA__g_hash_table_destroy" -> "/home/mlacage/cvs/glib/glib:ghash.c:g_hash_nodes_destroy" [label=178];
"/home/mlacage/cvs/glib/glib:ghash.c:IA__g_hash_table_destroy" -> "/home/mlacage/cvs/glib/glib:ghash.c:g_hash_nodes_destroy" [label=178];
"/home/mlacage/cvs/glib/glib:ghash.c:IA__g_hash_table_destroy" -> "/home/mlacage/cvs/glib/glib:ghash.c:g_hash_nodes_destroy" [label=178];
"/home/mlacage/cvs/glib/glib:ghash.c:IA__g_hash_table_destroy" -> "/home/mlacage/cvs/glib/glib:ghash.c:g_hash_nodes_destroy" [label=178];
"/home/mlacage/cvs/glib/glib:ghash.c:IA__g_hash_table_destroy" -> "/home/mlacage/cvs/glib/glib:ghash.c:g_hash_nodes_destroy" [label=178];
"/home/mlacage/cvs/glib/glib:ghash.c:IA__g_hash_table_destroy" -> "/home/mlacage/cvs/glib/glib:ghash.c:g_hash_nodes_destroy" [label=178];
"/home/mlacage/cvs/glib/glib:ghash.c:IA__g_hash_table_destroy" -> "/home/mlacage/cvs/glib/glib:gmem.c:IA__g_free" [label=183];
"/home/mlacage/cvs/glib/glib:ghash.c:IA__g_hash_table_destroy" -> "/home/mlacage/cvs/glib/glib:gmem.c:IA__g_free" [label=184];
"/home/mlacage/cvs/ORBit2/src/orb/poa:poa.c:ORBit_POA_free_fn" -> "/home/mlacage/cvs/glib/glib:gmem.c:IA__g_free" [label=645];
"/home/mlacage/cvs/ORBit2/src/orb/poa:poa.c:ORBit_POA_free_fn" -> "/home/mlacage/cvs/glib/gthread:gthread-posix.c:g_mutex_free_posix_impl" [label=648];
"/home/mlacage/cvs/glib/gthread:gthread-posix.c:g_mutex_free_posix_impl" -> "/home/mlacage/cvs/glib/glib:gmem.c:IA__g_free" [label=161];
"/home/mlacage/cvs/ORBit2/src/orb/poa:poa.c:ORBit_POA_free_fn" -> "/home/mlacage/cvs/ORBit2/src/orb/orb-core:orbit-object.c:ORBit_RootObject_release_T" [label=650];
"/home/mlacage/cvs/ORBit2/src/orb/orb-core:orbit-object.c:ORBit_RootObject_release_T" -> "/home/mlacage/cvs/ORBit2/src/orb/orb-core:orbit-object.c:do_unref" [label=175];
"/home/mlacage/cvs/ORBit2/src/orb/poa:poa.c:ORBit_POA_free_fn" -> "/home/mlacage/cvs/ORBit2/src/orb/orb-core:orbit-object.c:ORBit_RootObject_release_T" [label=651];
"/home/mlacage/cvs/ORBit2/src/orb/orb-core:orbit-object.c:ORBit_RootObject_release_T" -> "/home/mlacage/cvs/ORBit2/src/orb/orb-core:orbit-object.c:do_unref" [label=175];
"/home/mlacage/cvs/ORBit2/src/orb/poa:poa.c:ORBit_POA_free_fn" -> "/home/mlacage/cvs/glib/glib:gmem.c:IA__g_free" [label=653];
"/home/mlacage/cvs/ORBit2/src/orb/poa:poa.c:ORBit_POA_destroy_T_R" -> "/home/mlacage/cvs/glib/glib:ghash.c:IA__g_hash_table_size" [label=498];
"/home/mlacage/cvs/ORBit2/src/orb/poa:poa.c:ORBit_POA_destroy_T_R" -> "/home/mlacage/cvs/ORBit2/src/orb/poa:poa.c:ORBit_POA_deactivate" [label=498];
"/home/mlacage/cvs/ORBit2/src/orb/poa:poa.c:ORBit_POA_deactivate" -> "/home/mlacage/cvs/ORBit2/src/orb/poa:poa.c:ORBit_POA_set_life" [label=564];
"/home/mlacage/cvs/ORBit2/src/orb/poa:poa.c:ORBit_POA_deactivate" -> "/home/mlacage/cvs/ORBit2/src/orb/poa:poa.c:ORBit_POA_handle_held_requests" [label=576];
"/home/mlacage/cvs/ORBit2/src/orb/poa:poa.c:ORBit_POA_handle_held_requests" -> "/home/mlacage/cvs/glib/glib:gslist.c:IA__g_slist_free" [label=624];
"/home/mlacage/cvs/ORBit2/src/orb/poa:poa.c:ORBit_POA_deactivate" -> "/home/mlacage/cvs/glib/glib:ghash.c:IA__g_hash_table_foreach" [label=588];
"/home/mlacage/cvs/glib/glib:ghash.c:IA__g_hash_table_foreach" -> "/home/mlacage/cvs/ORBit2/src/orb/poa:poa.c:traverse_cb" [label=563];
"/home/mlacage/cvs/ORBit2/src/orb/poa:poa.c:traverse_cb" -> "/home/mlacage/cvs/ORBit2/src/orb/poa:poa.c:ORBit_POA_deactivate_object_T" [label=541];
"/home/mlacage/cvs/ORBit2/src/orb/poa:poa.c:ORBit_POA_deactivate_object_T" -> "/home/mlacage/cvs/ORBit2/src/orb/orb-core:corba-env.c:CORBA_exception_init" [label=1086];
"/home/mlacage/cvs/ORBit2/src/orb/poa:poa.c:ORBit_POA_deactivate_object_T" -> "/home/mlacage/cvs/libbonobo/bonobo:bonobo-object.c:bonobo_object_finalize_servant" [label=1108];
"/home/mlacage/cvs/libbonobo/bonobo:bonobo-object.c:bonobo_object_finalize_servant" -> "/home/mlacage/cvs/libbonobo/bonobo:bonobo-object.c:bonobo_object" [label=239];
"/home/mlacage/cvs/libbonobo/bonobo:bonobo-object.c:bonobo_object_finalize_servant" -> "/home/mlacage/cvs/libbonobo/bonobo:Bonobo-skels.c:POA_Bonobo_MonikerContext__fini" [label=249];
"/home/mlacage/cvs/libbonobo/bonobo:Bonobo-skels.c:POA_Bonobo_MonikerContext__fini" -> "/home/mlacage/cvs/libbonobo/bonobo-activation:Bonobo_Unknown-skels.c:POA_Bonobo_Unknown__fini" [label=964];
"/home/mlacage/cvs/libbonobo/bonobo-activation:Bonobo_Unknown-skels.c:POA_Bonobo_Unknown__fini" -> "/home/mlacage/cvs/ORBit2/src/orb/poa:poa-servants.c:PortableServer_ServantBase__fini" [label=49];
"/home/mlacage/cvs/libbonobo/bonobo:Bonobo-skels.c:POA_Bonobo_MonikerContext__fini" -> "/home/mlacage/cvs/ORBit2/src/orb/poa:poa-servants.c:PortableServer_ServantBase__fini" [label=965];
"/home/mlacage/cvs/libbonobo/bonobo:bonobo-object.c:bonobo_object_finalize_servant" -> "/home/mlacage/cvs/glib/gobject:gtype.c:IA__g_type_check_instance_cast" [label=252];
"/home/mlacage/cvs/glib/gobject:gtype.c:IA__g_type_check_instance_cast" -> "/home/mlacage/cvs/glib/gobject:gtype.c:lookup_type_node_I" [label=3155];
"/home/mlacage/cvs/glib/gobject:gtype.c:IA__g_type_check_instance_cast" -> "/home/mlacage/cvs/glib/gobject:gtype.c:lookup_type_node_I" [label=3162];
"/home/mlacage/cvs/glib/gobject:gtype.c:IA__g_type_check_instance_cast" -> "/home/mlacage/cvs/glib/gobject:gtype.c:type_node_conforms_to_U" [label=3162];
"/home/mlacage/cvs/glib/gobject:gtype.c:type_node_conforms_to_U" -> "/home/mlacage/cvs/glib/gobject:gtype.c:type_node_check_conformities_UorL" [label=2765];
"/home/mlacage/cvs/libbonobo/bonobo:bonobo-object.c:bonobo_object_finalize_servant" -> "/home/mlacage/cvs/glib/gobject:gobject.c:IA__g_object_unref" [label=254];
"/home/mlacage/cvs/glib/gobject:gobject.c:IA__g_object_unref" -> "/home/mlacage/cvs/glib/gobject:gtype.c:IA__g_type_check_instance_is_a" [label=1578];
"/home/mlacage/cvs/glib/gobject:gtype.c:IA__g_type_check_instance_is_a" -> "/home/mlacage/cvs/glib/gobject:gtype.c:lookup_type_node_I" [label=3123];
"/home/mlacage/cvs/glib/gobject:gtype.c:IA__g_type_check_instance_is_a" -> "/home/mlacage/cvs/glib/gobject:gtype.c:lookup_type_node_I" [label=3126];
"/home/mlacage/cvs/glib/gobject:gtype.c:IA__g_type_check_instance_is_a" -> "/home/mlacage/cvs/glib/gobject:gtype.c:type_node_conforms_to_U" [label=3126];
"/home/mlacage/cvs/glib/gobject:gtype.c:type_node_conforms_to_U" -> "/home/mlacage/cvs/glib/gobject:gtype.c:type_node_check_conformities_UorL" [label=2765];
"/home/mlacage/cvs/ORBit2/src/orb/poa:poa.c:ORBit_POA_deactivate_object_T" -> "/home/mlacage/cvs/ORBit2/src/orb/orb-core:corba-env.c:CORBA_exception_free" [label=1116];
"/home/mlacage/cvs/ORBit2/src/orb/poa:poa.c:ORBit_POA_deactivate_object_T" -> "/home/mlacage/cvs/ORBit2/src/orb/orb-core:orbit-object.c:ORBit_RootObject_release" [label=1123];
"/home/mlacage/cvs/ORBit2/src/orb/orb-core:orbit-object.c:ORBit_RootObject_release" -> "/home/mlacage/cvs/ORBit2/src/orb/orb-core:orbit-object.c:do_unref" [label=187];
"/home/mlacage/cvs/glib/glib:ghash.c:IA__g_hash_table_foreach" -> "/home/mlacage/cvs/ORBit2/src/orb/poa:poa.c:traverse_cb" [label=563];
"/home/mlacage/cvs/ORBit2/src/orb/poa:poa.c:traverse_cb" -> "/home/mlacage/cvs/ORBit2/src/orb/poa:poa.c:ORBit_POA_deactivate_object_T" [label=541];
"/home/mlacage/cvs/ORBit2/src/orb/poa:poa.c:ORBit_POA_deactivate_object_T" -> "/home/mlacage/cvs/ORBit2/src/orb/orb-core:corba-env.c:CORBA_exception_init" [label=1086];
"/home/mlacage/cvs/ORBit2/src/orb/poa:poa.c:ORBit_POA_deactivate_object_T" -> "/home/mlacage/cvs/libbonobo/bonobo:bonobo-object.c:bonobo_object_finalize_servant" [label=1108];
"/home/mlacage/cvs/libbonobo/bonobo:bonobo-object.c:bonobo_object_finalize_servant" -> "/home/mlacage/cvs/libbonobo/bonobo:bonobo-object.c:bonobo_object" [label=239];
"/home/mlacage/cvs/libbonobo/bonobo:bonobo-object.c:bonobo_object_finalize_servant" -> "/home/mlacage/cvs/libbonobo/bonobo:Bonobo-skels.c:POA_Bonobo_RunningContext__fini" [label=249];
"/home/mlacage/cvs/libbonobo/bonobo:Bonobo-skels.c:POA_Bonobo_RunningContext__fini" -> "/home/mlacage/cvs/libbonobo/bonobo-activation:Bonobo_Unknown-skels.c:POA_Bonobo_Unknown__fini" [label=1163];
"/home/mlacage/cvs/libbonobo/bonobo-activation:Bonobo_Unknown-skels.c:POA_Bonobo_Unknown__fini" -> "/home/mlacage/cvs/ORBit2/src/orb/poa:poa-servants.c:PortableServer_ServantBase__fini" [label=49];
"/home/mlacage/cvs/libbonobo/bonobo:Bonobo-skels.c:POA_Bonobo_RunningContext__fini" -> "/home/mlacage/cvs/ORBit2/src/orb/poa:poa-servants.c:PortableServer_ServantBase__fini" [label=1164];
"/home/mlacage/cvs/libbonobo/bonobo:bonobo-object.c:bonobo_object_finalize_servant" -> "/home/mlacage/cvs/glib/gobject:gtype.c:IA__g_type_check_instance_cast" [label=252];
"/home/mlacage/cvs/glib/gobject:gtype.c:IA__g_type_check_instance_cast" -> "/home/mlacage/cvs/glib/gobject:gtype.c:lookup_type_node_I" [label=3155];
"/home/mlacage/cvs/glib/gobject:gtype.c:IA__g_type_check_instance_cast" -> "/home/mlacage/cvs/glib/gobject:gtype.c:lookup_type_node_I" [label=3162];
"/home/mlacage/cvs/glib/gobject:gtype.c:IA__g_type_check_instance_cast" -> "/home/mlacage/cvs/glib/gobject:gtype.c:type_node_conforms_to_U" [label=3162];
"/home/mlacage/cvs/glib/gobject:gtype.c:type_node_conforms_to_U" -> "/home/mlacage/cvs/glib/gobject:gtype.c:type_node_check_conformities_UorL" [label=2765];
"/home/mlacage/cvs/libbonobo/bonobo:bonobo-object.c:bonobo_object_finalize_servant" -> "/home/mlacage/cvs/glib/gobject:gobject.c:IA__g_object_unref" [label=254];
"/home/mlacage/cvs/glib/gobject:gobject.c:IA__g_object_unref" -> "/home/mlacage/cvs/glib/gobject:gtype.c:IA__g_type_check_instance_is_a" [label=1578];
"/home/mlacage/cvs/glib/gobject:gtype.c:IA__g_type_check_instance_is_a" -> "/home/mlacage/cvs/glib/gobject:gtype.c:lookup_type_node_I" [label=3123];
"/home/mlacage/cvs/glib/gobject:gtype.c:IA__g_type_check_instance_is_a" -> "/home/mlacage/cvs/glib/gobject:gtype.c:lookup_type_node_I" [label=3126];
"/home/mlacage/cvs/glib/gobject:gtype.c:IA__g_type_check_instance_is_a" -> "/home/mlacage/cvs/glib/gobject:gtype.c:type_node_conforms_to_U" [label=3126];
"/home/mlacage/cvs/glib/gobject:gtype.c:type_node_conforms_to_U" -> "/home/mlacage/cvs/glib/gobject:gtype.c:type_node_check_conformities_UorL" [label=2765];
"/home/mlacage/cvs/ORBit2/src/orb/poa:poa.c:ORBit_POA_deactivate_object_T" -> "/home/mlacage/cvs/ORBit2/src/orb/orb-core:corba-env.c:CORBA_exception_free" [label=1116];
"/home/mlacage/cvs/ORBit2/src/orb/poa:poa.c:ORBit_POA_deactivate_object_T" -> "/home/mlacage/cvs/ORBit2/src/orb/orb-core:orbit-object.c:ORBit_RootObject_release" [label=1123];
"/home/mlacage/cvs/ORBit2/src/orb/orb-core:orbit-object.c:ORBit_RootObject_release" -> "/home/mlacage/cvs/ORBit2/src/orb/orb-core:orbit-object.c:do_unref" [label=187];
"/home/mlacage/cvs/glib/glib:ghash.c:IA__g_hash_table_foreach" -> "/home/mlacage/cvs/ORBit2/src/orb/poa:poa.c:traverse_cb" [label=563];
"/home/mlacage/cvs/ORBit2/src/orb/poa:poa.c:traverse_cb" -> "/home/mlacage/cvs/ORBit2/src/orb/poa:poa.c:ORBit_POA_deactivate_object_T" [label=541];
"/home/mlacage/cvs/ORBit2/src/orb/poa:poa.c:ORBit_POA_deactivate_object_T" -> "/home/mlacage/cvs/ORBit2/src/orb/orb-core:corba-env.c:CORBA_exception_init" [label=1086];
"/home/mlacage/cvs/ORBit2/src/orb/poa:poa.c:ORBit_POA_deactivate_object_T" -> "/home/mlacage/cvs/libbonobo/bonobo:bonobo-object.c:bonobo_object_finalize_servant" [label=1108];
"/home/mlacage/cvs/libbonobo/bonobo:bonobo-object.c:bonobo_object_finalize_servant" -> "/home/mlacage/cvs/libbonobo/bonobo:bonobo-object.c:bonobo_object" [label=239];
"/home/mlacage/cvs/libbonobo/bonobo:bonobo-object.c:bonobo_object_finalize_servant" -> "/home/mlacage/cvs/libbonobo/bonobo:Bonobo-skels.c:POA_Bonobo_EventSource__fini" [label=249];
"/home/mlacage/cvs/libbonobo/bonobo:Bonobo-skels.c:POA_Bonobo_EventSource__fini" -> "/home/mlacage/cvs/libbonobo/bonobo-activation:Bonobo_Unknown-skels.c:POA_Bonobo_Unknown__fini" [label=2202];
"/home/mlacage/cvs/libbonobo/bonobo-activation:Bonobo_Unknown-skels.c:POA_Bonobo_Unknown__fini" -> "/home/mlacage/cvs/ORBit2/src/orb/poa:poa-servants.c:PortableServer_ServantBase__fini" [label=49];
"/home/mlacage/cvs/libbonobo/bonobo:Bonobo-skels.c:POA_Bonobo_EventSource__fini" -> "/home/mlacage/cvs/ORBit2/src/orb/poa:poa-servants.c:PortableServer_ServantBase__fini" [label=2203];
"/home/mlacage/cvs/libbonobo/bonobo:bonobo-object.c:bonobo_object_finalize_servant" -> "/home/mlacage/cvs/glib/gobject:gtype.c:IA__g_type_check_instance_cast" [label=252];
"/home/mlacage/cvs/glib/gobject:gtype.c:IA__g_type_check_instance_cast" -> "/home/mlacage/cvs/glib/gobject:gtype.c:lookup_type_node_I" [label=3155];
"/home/mlacage/cvs/glib/gobject:gtype.c:IA__g_type_check_instance_cast" -> "/home/mlacage/cvs/glib/gobject:gtype.c:lookup_type_node_I" [label=3162];
"/home/mlacage/cvs/glib/gobject:gtype.c:IA__g_type_check_instance_cast" -> "/home/mlacage/cvs/glib/gobject:gtype.c:type_node_conforms_to_U" [label=3162];
"/home/mlacage/cvs/glib/gobject:gtype.c:type_node_conforms_to_U" -> "/home/mlacage/cvs/glib/gobject:gtype.c:type_node_check_conformities_UorL" [label=2765];
"/home/mlacage/cvs/libbonobo/bonobo:bonobo-object.c:bonobo_object_finalize_servant" -> "/home/mlacage/cvs/glib/gobject:gobject.c:IA__g_object_unref" [label=254];
"/home/mlacage/cvs/glib/gobject:gobject.c:IA__g_object_unref" -> "/home/mlacage/cvs/glib/gobject:gtype.c:IA__g_type_check_instance_is_a" [label=1578];
"/home/mlacage/cvs/glib/gobject:gtype.c:IA__g_type_check_instance_is_a" -> "/home/mlacage/cvs/glib/gobject:gtype.c:lookup_type_node_I" [label=3123];
"/home/mlacage/cvs/glib/gobject:gtype.c:IA__g_type_check_instance_is_a" -> "/home/mlacage/cvs/glib/gobject:gtype.c:lookup_type_node_I" [label=3126];
"/home/mlacage/cvs/glib/gobject:gtype.c:IA__g_type_check_instance_is_a" -> "/home/mlacage/cvs/glib/gobject:gtype.c:type_node_conforms_to_U" [label=3126];
"/home/mlacage/cvs/glib/gobject:gtype.c:type_node_conforms_to_U" -> "/home/mlacage/cvs/glib/gobject:gtype.c:type_node_check_conformities_UorL" [label=2765];
"/home/mlacage/cvs/ORBit2/src/orb/poa:poa.c:ORBit_POA_deactivate_object_T" -> "/home/mlacage/cvs/ORBit2/src/orb/orb-core:corba-env.c:CORBA_exception_free" [label=1116];
"/home/mlacage/cvs/ORBit2/src/orb/poa:poa.c:ORBit_POA_deactivate_object_T" -> "/home/mlacage/cvs/ORBit2/src/orb/orb-core:orbit-object.c:ORBit_RootObject_release" [label=1123];
"/home/mlacage/cvs/ORBit2/src/orb/orb-core:orbit-object.c:ORBit_RootObject_release" -> "/home/mlacage/cvs/ORBit2/src/orb/orb-core:orbit-object.c:do_unref" [label=187];
"/home/mlacage/cvs/glib/glib:ghash.c:IA__g_hash_table_foreach" -> "/home/mlacage/cvs/ORBit2/src/orb/poa:poa.c:traverse_cb" [label=563];
"/home/mlacage/cvs/ORBit2/src/orb/poa:poa.c:traverse_cb" -> "/home/mlacage/cvs/ORBit2/src/orb/poa:poa.c:ORBit_POA_deactivate_object_T" [label=541];
"/home/mlacage/cvs/ORBit2/src/orb/poa:poa.c:ORBit_POA_deactivate_object_T" -> "/home/mlacage/cvs/ORBit2/src/orb/orb-core:corba-env.c:CORBA_exception_init" [label=1086];
"/home/mlacage/cvs/ORBit2/src/orb/poa:poa.c:ORBit_POA_deactivate_object_T" -> "/home/mlacage/cvs/ORBit2/src/orb/poa:poa-servants.c:PortableServer_ServantBase__fini" [label=1108];
"/home/mlacage/cvs/ORBit2/src/orb/poa:poa.c:ORBit_POA_deactivate_object_T" -> "/home/mlacage/cvs/ORBit2/src/orb/orb-core:corba-env.c:CORBA_exception_free" [label=1116];
"/home/mlacage/cvs/ORBit2/src/orb/poa:poa.c:ORBit_POA_deactivate_object_T" -> "/home/mlacage/cvs/ORBit2/src/orb/orb-core:orbit-object.c:ORBit_RootObject_release" [label=1123];
"/home/mlacage/cvs/ORBit2/src/orb/orb-core:orbit-object.c:ORBit_RootObject_release" -> "/home/mlacage/cvs/ORBit2/src/orb/orb-core:orbit-object.c:do_unref" [label=187];
"/home/mlacage/cvs/glib/glib:ghash.c:IA__g_hash_table_foreach" -> "/home/mlacage/cvs/ORBit2/src/orb/poa:poa.c:traverse_cb" [label=563];
"/home/mlacage/cvs/ORBit2/src/orb/poa:poa.c:traverse_cb" -> "/home/mlacage/cvs/ORBit2/src/orb/poa:poa.c:ORBit_POA_deactivate_object_T" [label=541];
"/home/mlacage/cvs/ORBit2/src/orb/poa:poa.c:ORBit_POA_deactivate_object_T" -> "/home/mlacage/cvs/ORBit2/src/orb/orb-core:corba-env.c:CORBA_exception_init" [label=1086];
"/home/mlacage/cvs/ORBit2/src/orb/poa:poa.c:ORBit_POA_deactivate_object_T" -> "/home/mlacage/cvs/libbonobo/bonobo-activation:bonobo-activation-client.c:impl_Bonobo_ActivationClient__finalize" [label=1108];
"/home/mlacage/cvs/libbonobo/bonobo-activation:bonobo-activation-client.c:impl_Bonobo_ActivationClient__finalize" -> "/home/mlacage/cvs/glib/glib:gmem.c:IA__g_free" [label=69];
"/home/mlacage/cvs/ORBit2/src/orb/poa:poa.c:ORBit_POA_deactivate_object_T" -> "/home/mlacage/cvs/ORBit2/src/orb/orb-core:corba-env.c:CORBA_exception_free" [label=1116];
"/home/mlacage/cvs/ORBit2/src/orb/poa:poa.c:ORBit_POA_deactivate_object_T" -> "/home/mlacage/cvs/ORBit2/src/orb/orb-core:orbit-object.c:ORBit_RootObject_release" [label=1123];
"/home/mlacage/cvs/ORBit2/src/orb/orb-core:orbit-object.c:ORBit_RootObject_release" -> "/home/mlacage/cvs/ORBit2/src/orb/orb-core:orbit-object.c:do_unref" [label=187];
"/home/mlacage/cvs/ORBit2/src/orb/poa:poa.c:ORBit_POA_deactivate" -> "/home/mlacage/cvs/glib/glib:ghash.c:IA__g_hash_table_foreach_remove" [label=590];
"/home/mlacage/cvs/glib/glib:ghash.c:IA__g_hash_table_foreach_remove" -> "/home/mlacage/cvs/glib/glib:ghash.c:g_hash_table_foreach_remove_or_steal" [label=460];
"/home/mlacage/cvs/glib/glib:ghash.c:g_hash_table_foreach_remove_or_steal" -> "/home/mlacage/cvs/ORBit2/src/orb/poa:poa.c:remove_cb" [label=506];
"/home/mlacage/cvs/glib/glib:ghash.c:g_hash_table_foreach_remove_or_steal" -> "/home/mlacage/cvs/ORBit2/src/orb/poa:poa.c:remove_cb" [label=506];
"/home/mlacage/cvs/glib/glib:ghash.c:g_hash_table_foreach_remove_or_steal" -> "/home/mlacage/cvs/ORBit2/src/orb/poa:poa.c:remove_cb" [label=506];
"/home/mlacage/cvs/glib/glib:ghash.c:g_hash_table_foreach_remove_or_steal" -> "/home/mlacage/cvs/ORBit2/src/orb/poa:poa.c:remove_cb" [label=506];
"/home/mlacage/cvs/glib/glib:ghash.c:g_hash_table_foreach_remove_or_steal" -> "/home/mlacage/cvs/ORBit2/src/orb/poa:poa.c:remove_cb" [label=506];
"/home/mlacage/cvs/ORBit2/src/orb/poa:poa.c:ORBit_POA_destroy_T_R" -> "/home/mlacage/cvs/ORBit2/src/orb/poa:poa-manager.c:ORBit_POAManager_unregister_poa" [label=504];
"/home/mlacage/cvs/ORBit2/src/orb/poa:poa-manager.c:ORBit_POAManager_unregister_poa" -> "/home/mlacage/cvs/glib/glib:gslist.c:IA__g_slist_remove" [label=55];
"/home/mlacage/cvs/glib/glib:gslist.c:IA__g_slist_remove" -> "/home/mlacage/cvs/glib/glib:gslist.c:IA__g_slist_free_1" [label=378];
"/home/mlacage/cvs/glib/glib:gslist.c:IA__g_slist_free_1" -> "/home/mlacage/cvs/glib/glib:gslist.c:_g_slist_free_1" [label=194];
"/home/mlacage/cvs/ORBit2/src/orb/poa:poa.c:ORBit_POA_destroy_T_R" -> "/home/mlacage/cvs/ORBit2/src/orb/poa:poa.c:ORBit_POA_remove_child" [label=507];
"/home/mlacage/cvs/ORBit2/src/orb/poa:poa.c:ORBit_POA_destroy_T_R" -> "/home/mlacage/cvs/glib/glib:ghash.c:IA__g_hash_table_size" [label=512];
"/home/mlacage/cvs/ORBit2/src/orb/poa:poa.c:ORBit_POA_destroy_T_R" -> "/home/mlacage/cvs/ORBit2/src/orb/orb-core:orbit-object.c:ORBit_RootObject_release" [label=522];
"/home/mlacage/cvs/ORBit2/src/orb/orb-core:orbit-object.c:ORBit_RootObject_release" -> "/home/mlacage/cvs/ORBit2/src/orb/orb-core:orbit-object.c:do_unref" [label=187];
"/home/mlacage/cvs/ORBit2/src/orb/poa:poa.c:PortableServer_POA_destroy" -> "/home/mlacage/cvs/ORBit2/src/orb/orb-core:orbit-object.c:ORBit_RootObject_release" [label=1963];
"/home/mlacage/cvs/ORBit2/src/orb/orb-core:orbit-object.c:ORBit_RootObject_release" -> "/home/mlacage/cvs/ORBit2/src/orb/orb-core:orbit-object.c:do_unref" [label=187];
"/home/mlacage/cvs/ORBit2/src/orb/orb-core:corba-orb.c:CORBA_ORB_shutdown" -> "/home/mlacage/cvs/ORBit2/src/orb/GIOP:giop.c:giop_shutdown" [label=1144];
"/home/mlacage/cvs/ORBit2/src/orb/GIOP:giop.c:giop_shutdown" -> "/home/mlacage/cvs/ORBit2/linc2/src:linc-connection.c:link_connections_close" [label=614];
"/home/mlacage/cvs/ORBit2/linc2/src:linc-connection.c:link_connections_close" -> "/home/mlacage/cvs/ORBit2/linc2/src:linc.c:link_in_io_thread" [label=1445];
"/home/mlacage/cvs/ORBit2/linc2/src:linc.c:link_in_io_thread" -> "/home/mlacage/cvs/glib/glib:gthread.c:IA__g_thread_self" [label=278];
"/home/mlacage/cvs/glib/glib:gthread.c:IA__g_thread_self" -> "/home/mlacage/cvs/glib/gthread:gthread-posix.c:g_private_get_posix_impl" [label=664];
"/home/mlacage/cvs/ORBit2/src/orb/GIOP:giop.c:giop_shutdown" -> "/home/mlacage/cvs/glib/glib:gmain.c:IA__g_main_loop_quit" [label=616];
"/home/mlacage/cvs/glib/glib:gmain.c:IA__g_main_loop_quit" -> "/home/mlacage/cvs/glib/glib:gmain.c:g_main_context_wakeup_unlocked" [label=2808];
"/home/mlacage/cvs/ORBit2/src/orb/GIOP:giop.c:giop_shutdown" -> "/home/mlacage/cvs/ORBit2/src/orb/GIOP:giop.c:giop_thread_safe" [label=621];
"/home/mlacage/cvs/ORBit2/src/orb/GIOP:giop.c:giop_thread_safe" -> "/home/mlacage/cvs/ORBit2/linc2/src:linc.c:link_thread_safe" [label=198];
"/home/mlacage/cvs/ORBit2/src/orb/GIOP:giop.c:giop_shutdown" -> "/home/mlacage/cvs/glib/glib:gmain.c:IA__g_source_destroy" [label=623];
"/home/mlacage/cvs/glib/glib:gmain.c:IA__g_source_destroy" -> "/home/mlacage/cvs/glib/glib:gmain.c:g_source_destroy_internal" [label=1013];
"/home/mlacage/cvs/glib/glib:gmain.c:g_source_destroy_internal" -> "/home/mlacage/cvs/glib/glib:gmain.c:g_source_callback_unref" [label=975];
"/home/mlacage/cvs/glib/glib:gmain.c:g_source_callback_unref" -> "/home/mlacage/cvs/glib/glib:gmem.c:IA__g_free" [label=1196];
"/home/mlacage/cvs/glib/glib:gmain.c:g_source_destroy_internal" -> "/home/mlacage/cvs/glib/glib:gmain.c:g_main_context_remove_poll_unlocked" [label=982];
"/home/mlacage/cvs/glib/glib:gmain.c:g_main_context_remove_poll_unlocked" -> "/home/mlacage/cvs/glib/glib:gmain.c:g_main_context_wakeup_unlocked" [label=3069];
"/home/mlacage/cvs/glib/glib:gmain.c:g_source_destroy_internal" -> "/home/mlacage/cvs/glib/glib:gmain.c:g_source_unref_internal" [label=985];
"/home/mlacage/cvs/ORBit2/src/orb/GIOP:giop.c:giop_shutdown" -> "/home/mlacage/cvs/glib/glib:gmain.c:IA__g_source_unref" [label=624];
"/home/mlacage/cvs/glib/glib:gmain.c:IA__g_source_unref" -> "/home/mlacage/cvs/glib/glib:gmain.c:g_source_unref_internal" [label=1465];
"/home/mlacage/cvs/glib/glib:gmain.c:g_source_unref_internal" -> "/home/mlacage/cvs/glib/glib:gmain.c:g_source_list_remove" [label=1427];
"/home/mlacage/cvs/glib/glib:gmain.c:g_source_unref_internal" -> "/home/mlacage/cvs/ORBit2/linc2/src:linc-source.c:link_source_finalize" [label=1429];
"/home/mlacage/cvs/glib/glib:gmain.c:g_source_unref_internal" -> "/home/mlacage/cvs/glib/glib:gslist.c:IA__g_slist_free" [label=1432];
"/home/mlacage/cvs/glib/glib:gmain.c:g_source_unref_internal" -> "/home/mlacage/cvs/glib/glib:gmem.c:IA__g_free" [label=1434];
"/home/mlacage/cvs/ORBit2/src/orb/orb-core:corba-orb.c:CORBA_ORB_shutdown" -> "/home/mlacage/cvs/ORBit2/src/orb/orb-core:corba-orb.c:ORBit_ORB_shutdown_servers" [label=1146];
"/home/mlacage/cvs/ORBit2/src/orb/orb-core:corba-orb.c:ORBit_ORB_shutdown_servers" -> "/home/mlacage/cvs/glib/glib:ghash.c:IA__g_hash_table_foreach" [label=115];
"/home/mlacage/cvs/glib/glib:ghash.c:IA__g_hash_table_foreach" -> "/home/mlacage/cvs/ORBit2/src/orb/orb-core:corba-orb.c:strip_object_profiles" [label=563];
"/home/mlacage/cvs/ORBit2/src/orb/orb-core:corba-orb.c:strip_object_profiles" -> "/home/mlacage/cvs/ORBit2/src/orb/orb-core:iop-profiles.c:IOP_delete_profiles" [label=105];
"/home/mlacage/cvs/ORBit2/src/orb/orb-core:iop-profiles.c:IOP_delete_profiles" -> "/home/mlacage/cvs/glib/glib:gslist.c:IA__g_slist_foreach" [label=468];
"/home/mlacage/cvs/glib/glib:gslist.c:IA__g_slist_foreach" -> "/home/mlacage/cvs/ORBit2/src/orb/orb-core:iop-profiles.c:IOP_profile_free" [label=630];
"/home/mlacage/cvs/ORBit2/src/orb/orb-core:iop-profiles.c:IOP_profile_free" -> "/home/mlacage/cvs/ORBit2/src/orb/orb-core:iop-profiles.c:IOP_TAG_GENERIC_IOP_free" [label=740];
"/home/mlacage/cvs/ORBit2/src/orb/orb-core:iop-profiles.c:IOP_TAG_GENERIC_IOP_free" -> "/home/mlacage/cvs/ORBit2/src/orb/orb-core:iop-profiles.c:IOP_components_free" [label=701];
"/home/mlacage/cvs/ORBit2/src/orb/orb-core:iop-profiles.c:IOP_components_free" -> "/home/mlacage/cvs/glib/glib:gslist.c:IA__g_slist_foreach" [label=672];
"/home/mlacage/cvs/ORBit2/src/orb/orb-core:iop-profiles.c:IOP_components_free" -> "/home/mlacage/cvs/glib/glib:gslist.c:IA__g_slist_free" [label=673];
"/home/mlacage/cvs/ORBit2/src/orb/orb-core:iop-profiles.c:IOP_TAG_GENERIC_IOP_free" -> "/home/mlacage/cvs/glib/glib:gmem.c:IA__g_free" [label=704];
"/home/mlacage/cvs/ORBit2/src/orb/orb-core:iop-profiles.c:IOP_TAG_GENERIC_IOP_free" -> "/home/mlacage/cvs/glib/glib:gmem.c:IA__g_free" [label=705];
"/home/mlacage/cvs/ORBit2/src/orb/orb-core:iop-profiles.c:IOP_TAG_GENERIC_IOP_free" -> "/home/mlacage/cvs/glib/glib:gmem.c:IA__g_free" [label=706];
"/home/mlacage/cvs/ORBit2/src/orb/orb-core:iop-profiles.c:IOP_profile_free" -> "/home/mlacage/cvs/glib/glib:gmem.c:IA__g_free" [label=750];
"/home/mlacage/cvs/glib/glib:gslist.c:IA__g_slist_foreach" -> "/home/mlacage/cvs/ORBit2/src/orb/orb-core:iop-profiles.c:IOP_profile_free" [label=630];
"/home/mlacage/cvs/ORBit2/src/orb/orb-core:iop-profiles.c:IOP_profile_free" -> "/home/mlacage/cvs/ORBit2/src/orb/orb-core:iop-profiles.c:IOP_TAG_ORBIT_SPECIFIC_free" [label=743];
"/home/mlacage/cvs/ORBit2/src/orb/orb-core:iop-profiles.c:IOP_TAG_ORBIT_SPECIFIC_free" -> "/home/mlacage/cvs/glib/glib:gmem.c:IA__g_free" [label=714];
"/home/mlacage/cvs/ORBit2/src/orb/orb-core:iop-profiles.c:IOP_profile_free" -> "/home/mlacage/cvs/glib/glib:gmem.c:IA__g_free" [label=750];
"/home/mlacage/cvs/glib/glib:gslist.c:IA__g_slist_foreach" -> "/home/mlacage/cvs/ORBit2/src/orb/orb-core:iop-profiles.c:IOP_profile_free" [label=630];
"/home/mlacage/cvs/ORBit2/src/orb/orb-core:iop-profiles.c:IOP_profile_free" -> "/home/mlacage/cvs/ORBit2/src/orb/orb-core:iop-profiles.c:IOP_TAG_MULTIPLE_COMPONENTS_free" [label=737];
"/home/mlacage/cvs/ORBit2/src/orb/orb-core:iop-profiles.c:IOP_TAG_MULTIPLE_COMPONENTS_free" -> "/home/mlacage/cvs/ORBit2/src/orb/orb-core:iop-profiles.c:IOP_components_free" [label=680];
"/home/mlacage/cvs/ORBit2/src/orb/orb-core:iop-profiles.c:IOP_components_free" -> "/home/mlacage/cvs/glib/glib:gslist.c:IA__g_slist_foreach" [label=672];
"/home/mlacage/cvs/glib/glib:gslist.c:IA__g_slist_foreach" -> "/home/mlacage/cvs/ORBit2/src/orb/orb-core:iop-profiles.c:IOP_component_free" [label=630];
"/home/mlacage/cvs/ORBit2/src/orb/orb-core:iop-profiles.c:IOP_component_free" -> "/home/mlacage/cvs/glib/glib:gmem.c:IA__g_free" [label=666];
"/home/mlacage/cvs/glib/glib:gslist.c:IA__g_slist_foreach" -> "/home/mlacage/cvs/ORBit2/src/orb/orb-core:iop-profiles.c:IOP_component_free" [label=630];
"/home/mlacage/cvs/ORBit2/src/orb/orb-core:iop-profiles.c:IOP_component_free" -> "/home/mlacage/cvs/glib/glib:gmem.c:IA__g_free" [label=666];
"/home/mlacage/cvs/ORBit2/src/orb/orb-core:iop-profiles.c:IOP_components_free" -> "/home/mlacage/cvs/glib/glib:gslist.c:IA__g_slist_free" [label=673];
"/home/mlacage/cvs/ORBit2/src/orb/orb-core:iop-profiles.c:IOP_profile_free" -> "/home/mlacage/cvs/glib/glib:gmem.c:IA__g_free" [label=750];
"/home/mlacage/cvs/ORBit2/src/orb/orb-core:iop-profiles.c:IOP_delete_profiles" -> "/home/mlacage/cvs/glib/glib:gslist.c:IA__g_slist_free" [label=470];
"/home/mlacage/cvs/ORBit2/src/orb/orb-core:corba-orb.c:strip_object_profiles" -> "/home/mlacage/cvs/ORBit2/src/orb/orb-core:iop-profiles.c:IOP_delete_profiles" [label=106];
"/home/mlacage/cvs/glib/glib:ghash.c:IA__g_hash_table_foreach" -> "/home/mlacage/cvs/ORBit2/src/orb/orb-core:corba-orb.c:strip_object_profiles" [label=563];
"/home/mlacage/cvs/ORBit2/src/orb/orb-core:corba-orb.c:strip_object_profiles" -> "/home/mlacage/cvs/ORBit2/src/orb/orb-core:iop-profiles.c:IOP_delete_profiles" [label=105];
"/home/mlacage/cvs/ORBit2/src/orb/orb-core:iop-profiles.c:IOP_delete_profiles" -> "/home/mlacage/cvs/glib/glib:gslist.c:IA__g_slist_foreach" [label=468];
"/home/mlacage/cvs/glib/glib:gslist.c:IA__g_slist_foreach" -> "/home/mlacage/cvs/ORBit2/src/orb/orb-core:iop-profiles.c:IOP_profile_free" [label=630];
"/home/mlacage/cvs/ORBit2/src/orb/orb-core:iop-profiles.c:IOP_profile_free" -> "/home/mlacage/cvs/ORBit2/src/orb/orb-core:iop-profiles.c:IOP_TAG_GENERIC_IOP_free" [label=740];
"/home/mlacage/cvs/ORBit2/src/orb/orb-core:iop-profiles.c:IOP_TAG_GENERIC_IOP_free" -> "/home/mlacage/cvs/ORBit2/src/orb/orb-core:iop-profiles.c:IOP_components_free" [label=701];
"/home/mlacage/cvs/ORBit2/src/orb/orb-core:iop-profiles.c:IOP_components_free" -> "/home/mlacage/cvs/glib/glib:gslist.c:IA__g_slist_foreach" [label=672];
"/home/mlacage/cvs/ORBit2/src/orb/orb-core:iop-profiles.c:IOP_components_free" -> "/home/mlacage/cvs/glib/glib:gslist.c:IA__g_slist_free" [label=673];
"/home/mlacage/cvs/ORBit2/src/orb/orb-core:iop-profiles.c:IOP_TAG_GENERIC_IOP_free" -> "/home/mlacage/cvs/glib/glib:gmem.c:IA__g_free" [label=704];
"/home/mlacage/cvs/ORBit2/src/orb/orb-core:iop-profiles.c:IOP_TAG_GENERIC_IOP_free" -> "/home/mlacage/cvs/glib/glib:gmem.c:IA__g_free" [label=705];
"/home/mlacage/cvs/ORBit2/src/orb/orb-core:iop-profiles.c:IOP_TAG_GENERIC_IOP_free" -> "/home/mlacage/cvs/glib/glib:gmem.c:IA__g_free" [label=706];
"/home/mlacage/cvs/ORBit2/src/orb/orb-core:iop-profiles.c:IOP_profile_free" -> "/home/mlacage/cvs/glib/glib:gmem.c:IA__g_free" [label=750];
"/home/mlacage/cvs/glib/glib:gslist.c:IA__g_slist_foreach" -> "/home/mlacage/cvs/ORBit2/src/orb/orb-core:iop-profiles.c:IOP_profile_free" [label=630];
"/home/mlacage/cvs/ORBit2/src/orb/orb-core:iop-profiles.c:IOP_profile_free" -> "/home/mlacage/cvs/ORBit2/src/orb/orb-core:iop-profiles.c:IOP_TAG_ORBIT_SPECIFIC_free" [label=743];
"/home/mlacage/cvs/ORBit2/src/orb/orb-core:iop-profiles.c:IOP_TAG_ORBIT_SPECIFIC_free" -> "/home/mlacage/cvs/glib/glib:gmem.c:IA__g_free" [label=714];
"/home/mlacage/cvs/ORBit2/src/orb/orb-core:iop-profiles.c:IOP_profile_free" -> "/home/mlacage/cvs/glib/glib:gmem.c:IA__g_free" [label=750];
"/home/mlacage/cvs/glib/glib:gslist.c:IA__g_slist_foreach" -> "/home/mlacage/cvs/ORBit2/src/orb/orb-core:iop-profiles.c:IOP_profile_free" [label=630];
"/home/mlacage/cvs/ORBit2/src/orb/orb-core:iop-profiles.c:IOP_profile_free" -> "/home/mlacage/cvs/ORBit2/src/orb/orb-core:iop-profiles.c:IOP_TAG_MULTIPLE_COMPONENTS_free" [label=737];
"/home/mlacage/cvs/ORBit2/src/orb/orb-core:iop-profiles.c:IOP_TAG_MULTIPLE_COMPONENTS_free" -> "/home/mlacage/cvs/ORBit2/src/orb/orb-core:iop-profiles.c:IOP_components_free" [label=680];
"/home/mlacage/cvs/ORBit2/src/orb/orb-core:iop-profiles.c:IOP_components_free" -> "/home/mlacage/cvs/glib/glib:gslist.c:IA__g_slist_foreach" [label=672];
"/home/mlacage/cvs/glib/glib:gslist.c:IA__g_slist_foreach" -> "/home/mlacage/cvs/ORBit2/src/orb/orb-core:iop-profiles.c:IOP_component_free" [label=630];
"/home/mlacage/cvs/ORBit2/src/orb/orb-core:iop-profiles.c:IOP_component_free" -> "/home/mlacage/cvs/glib/glib:gmem.c:IA__g_free" [label=666];
"/home/mlacage/cvs/glib/glib:gslist.c:IA__g_slist_foreach" -> "/home/mlacage/cvs/ORBit2/src/orb/orb-core:iop-profiles.c:IOP_component_free" [label=630];
"/home/mlacage/cvs/ORBit2/src/orb/orb-core:iop-profiles.c:IOP_component_free" -> "/home/mlacage/cvs/glib/glib:gmem.c:IA__g_free" [label=666];
"/home/mlacage/cvs/ORBit2/src/orb/orb-core:iop-profiles.c:IOP_components_free" -> "/home/mlacage/cvs/glib/glib:gslist.c:IA__g_slist_free" [label=673];
"/home/mlacage/cvs/ORBit2/src/orb/orb-core:iop-profiles.c:IOP_profile_free" -> "/home/mlacage/cvs/glib/glib:gmem.c:IA__g_free" [label=750];
"/home/mlacage/cvs/ORBit2/src/orb/orb-core:iop-profiles.c:IOP_delete_profiles" -> "/home/mlacage/cvs/glib/glib:gslist.c:IA__g_slist_free" [label=470];
"/home/mlacage/cvs/ORBit2/src/orb/orb-core:corba-orb.c:strip_object_profiles" -> "/home/mlacage/cvs/ORBit2/src/orb/orb-core:iop-profiles.c:IOP_delete_profiles" [label=106];
"/home/mlacage/cvs/glib/glib:ghash.c:IA__g_hash_table_foreach" -> "/home/mlacage/cvs/ORBit2/src/orb/orb-core:corba-orb.c:strip_object_profiles" [label=563];
"/home/mlacage/cvs/ORBit2/src/orb/orb-core:corba-orb.c:strip_object_profiles" -> "/home/mlacage/cvs/ORBit2/src/orb/orb-core:iop-profiles.c:IOP_delete_profiles" [label=105];
"/home/mlacage/cvs/ORBit2/src/orb/orb-core:corba-orb.c:strip_object_profiles" -> "/home/mlacage/cvs/ORBit2/src/orb/orb-core:iop-profiles.c:IOP_delete_profiles" [label=106];
"/home/mlacage/cvs/glib/glib:ghash.c:IA__g_hash_table_foreach" -> "/home/mlacage/cvs/ORBit2/src/orb/orb-core:corba-orb.c:strip_object_profiles" [label=563];
"/home/mlacage/cvs/ORBit2/src/orb/orb-core:corba-orb.c:strip_object_profiles" -> "/home/mlacage/cvs/ORBit2/src/orb/orb-core:iop-profiles.c:IOP_delete_profiles" [label=105];
"/home/mlacage/cvs/ORBit2/src/orb/orb-core:iop-profiles.c:IOP_delete_profiles" -> "/home/mlacage/cvs/glib/glib:gslist.c:IA__g_slist_foreach" [label=468];
"/home/mlacage/cvs/glib/glib:gslist.c:IA__g_slist_foreach" -> "/home/mlacage/cvs/ORBit2/src/orb/orb-core:iop-profiles.c:IOP_profile_free" [label=630];
"/home/mlacage/cvs/ORBit2/src/orb/orb-core:iop-profiles.c:IOP_profile_free" -> "/home/mlacage/cvs/ORBit2/src/orb/orb-core:iop-profiles.c:IOP_TAG_GENERIC_IOP_free" [label=740];
"/home/mlacage/cvs/ORBit2/src/orb/orb-core:iop-profiles.c:IOP_TAG_GENERIC_IOP_free" -> "/home/mlacage/cvs/ORBit2/src/orb/orb-core:iop-profiles.c:IOP_components_free" [label=701];
"/home/mlacage/cvs/ORBit2/src/orb/orb-core:iop-profiles.c:IOP_components_free" -> "/home/mlacage/cvs/glib/glib:gslist.c:IA__g_slist_foreach" [label=672];
"/home/mlacage/cvs/ORBit2/src/orb/orb-core:iop-profiles.c:IOP_components_free" -> "/home/mlacage/cvs/glib/glib:gslist.c:IA__g_slist_free" [label=673];
"/home/mlacage/cvs/ORBit2/src/orb/orb-core:iop-profiles.c:IOP_TAG_GENERIC_IOP_free" -> "/home/mlacage/cvs/glib/glib:gmem.c:IA__g_free" [label=704];
"/home/mlacage/cvs/ORBit2/src/orb/orb-core:iop-profiles.c:IOP_TAG_GENERIC_IOP_free" -> "/home/mlacage/cvs/glib/glib:gmem.c:IA__g_free" [label=705];
"/home/mlacage/cvs/ORBit2/src/orb/orb-core:iop-profiles.c:IOP_TAG_GENERIC_IOP_free" -> "/home/mlacage/cvs/glib/glib:gmem.c:IA__g_free" [label=706];
"/home/mlacage/cvs/ORBit2/src/orb/orb-core:iop-profiles.c:IOP_profile_free" -> "/home/mlacage/cvs/glib/glib:gmem.c:IA__g_free" [label=750];
"/home/mlacage/cvs/glib/glib:gslist.c:IA__g_slist_foreach" -> "/home/mlacage/cvs/ORBit2/src/orb/orb-core:iop-profiles.c:IOP_profile_free" [label=630];
"/home/mlacage/cvs/ORBit2/src/orb/orb-core:iop-profiles.c:IOP_profile_free" -> "/home/mlacage/cvs/ORBit2/src/orb/orb-core:iop-profiles.c:IOP_TAG_ORBIT_SPECIFIC_free" [label=743];
"/home/mlacage/cvs/ORBit2/src/orb/orb-core:iop-profiles.c:IOP_TAG_ORBIT_SPECIFIC_free" -> "/home/mlacage/cvs/glib/glib:gmem.c:IA__g_free" [label=714];
"/home/mlacage/cvs/ORBit2/src/orb/orb-core:iop-profiles.c:IOP_profile_free" -> "/home/mlacage/cvs/glib/glib:gmem.c:IA__g_free" [label=750];
"/home/mlacage/cvs/glib/glib:gslist.c:IA__g_slist_foreach" -> "/home/mlacage/cvs/ORBit2/src/orb/orb-core:iop-profiles.c:IOP_profile_free" [label=630];
"/home/mlacage/cvs/ORBit2/src/orb/orb-core:iop-profiles.c:IOP_profile_free" -> "/home/mlacage/cvs/ORBit2/src/orb/orb-core:iop-profiles.c:IOP_TAG_MULTIPLE_COMPONENTS_free" [label=737];
"/home/mlacage/cvs/ORBit2/src/orb/orb-core:iop-profiles.c:IOP_TAG_MULTIPLE_COMPONENTS_free" -> "/home/mlacage/cvs/ORBit2/src/orb/orb-core:iop-profiles.c:IOP_components_free" [label=680];
"/home/mlacage/cvs/ORBit2/src/orb/orb-core:iop-profiles.c:IOP_components_free" -> "/home/mlacage/cvs/glib/glib:gslist.c:IA__g_slist_foreach" [label=672];
"/home/mlacage/cvs/glib/glib:gslist.c:IA__g_slist_foreach" -> "/home/mlacage/cvs/ORBit2/src/orb/orb-core:iop-profiles.c:IOP_component_free" [label=630];
"/home/mlacage/cvs/ORBit2/src/orb/orb-core:iop-profiles.c:IOP_component_free" -> "/home/mlacage/cvs/glib/glib:gmem.c:IA__g_free" [label=666];
"/home/mlacage/cvs/glib/glib:gslist.c:IA__g_slist_foreach" -> "/home/mlacage/cvs/ORBit2/src/orb/orb-core:iop-profiles.c:IOP_component_free" [label=630];
"/home/mlacage/cvs/ORBit2/src/orb/orb-core:iop-profiles.c:IOP_component_free" -> "/home/mlacage/cvs/glib/glib:gmem.c:IA__g_free" [label=666];
"/home/mlacage/cvs/ORBit2/src/orb/orb-core:iop-profiles.c:IOP_components_free" -> "/home/mlacage/cvs/glib/glib:gslist.c:IA__g_slist_free" [label=673];
"/home/mlacage/cvs/ORBit2/src/orb/orb-core:iop-profiles.c:IOP_profile_free" -> "/home/mlacage/cvs/glib/glib:gmem.c:IA__g_free" [label=750];
"/home/mlacage/cvs/ORBit2/src/orb/orb-core:iop-profiles.c:IOP_delete_profiles" -> "/home/mlacage/cvs/glib/glib:gslist.c:IA__g_slist_free" [label=470];
"/home/mlacage/cvs/ORBit2/src/orb/orb-core:corba-orb.c:strip_object_profiles" -> "/home/mlacage/cvs/ORBit2/src/orb/orb-core:iop-profiles.c:IOP_delete_profiles" [label=106];
"/home/mlacage/cvs/glib/glib:ghash.c:IA__g_hash_table_foreach" -> "/home/mlacage/cvs/ORBit2/src/orb/orb-core:corba-orb.c:strip_object_profiles" [label=563];
"/home/mlacage/cvs/ORBit2/src/orb/orb-core:corba-orb.c:strip_object_profiles" -> "/home/mlacage/cvs/ORBit2/src/orb/orb-core:iop-profiles.c:IOP_delete_profiles" [label=105];
"/home/mlacage/cvs/ORBit2/src/orb/orb-core:iop-profiles.c:IOP_delete_profiles" -> "/home/mlacage/cvs/glib/glib:gslist.c:IA__g_slist_foreach" [label=468];
"/home/mlacage/cvs/glib/glib:gslist.c:IA__g_slist_foreach" -> "/home/mlacage/cvs/ORBit2/src/orb/orb-core:iop-profiles.c:IOP_profile_free" [label=630];
"/home/mlacage/cvs/ORBit2/src/orb/orb-core:iop-profiles.c:IOP_profile_free" -> "/home/mlacage/cvs/ORBit2/src/orb/orb-core:iop-profiles.c:IOP_TAG_GENERIC_IOP_free" [label=740];
"/home/mlacage/cvs/ORBit2/src/orb/orb-core:iop-profiles.c:IOP_TAG_GENERIC_IOP_free" -> "/home/mlacage/cvs/ORBit2/src/orb/orb-core:iop-profiles.c:IOP_components_free" [label=701];
"/home/mlacage/cvs/ORBit2/src/orb/orb-core:iop-profiles.c:IOP_components_free" -> "/home/mlacage/cvs/glib/glib:gslist.c:IA__g_slist_foreach" [label=672];
"/home/mlacage/cvs/ORBit2/src/orb/orb-core:iop-profiles.c:IOP_components_free" -> "/home/mlacage/cvs/glib/glib:gslist.c:IA__g_slist_free" [label=673];
"/home/mlacage/cvs/ORBit2/src/orb/orb-core:iop-profiles.c:IOP_TAG_GENERIC_IOP_free" -> "/home/mlacage/cvs/glib/glib:gmem.c:IA__g_free" [label=704];
"/home/mlacage/cvs/ORBit2/src/orb/orb-core:iop-profiles.c:IOP_TAG_GENERIC_IOP_free" -> "/home/mlacage/cvs/glib/glib:gmem.c:IA__g_free" [label=705];
"/home/mlacage/cvs/ORBit2/src/orb/orb-core:iop-profiles.c:IOP_TAG_GENERIC_IOP_free" -> "/home/mlacage/cvs/glib/glib:gmem.c:IA__g_free" [label=706];
"/home/mlacage/cvs/ORBit2/src/orb/orb-core:iop-profiles.c:IOP_profile_free" -> "/home/mlacage/cvs/glib/glib:gmem.c:IA__g_free" [label=750];
"/home/mlacage/cvs/glib/glib:gslist.c:IA__g_slist_foreach" -> "/home/mlacage/cvs/ORBit2/src/orb/orb-core:iop-profiles.c:IOP_profile_free" [label=630];
"/home/mlacage/cvs/ORBit2/src/orb/orb-core:iop-profiles.c:IOP_profile_free" -> "/home/mlacage/cvs/ORBit2/src/orb/orb-core:iop-profiles.c:IOP_TAG_ORBIT_SPECIFIC_free" [label=743];
"/home/mlacage/cvs/ORBit2/src/orb/orb-core:iop-profiles.c:IOP_TAG_ORBIT_SPECIFIC_free" -> "/home/mlacage/cvs/glib/glib:gmem.c:IA__g_free" [label=714];
"/home/mlacage/cvs/ORBit2/src/orb/orb-core:iop-profiles.c:IOP_profile_free" -> "/home/mlacage/cvs/glib/glib:gmem.c:IA__g_free" [label=750];
"/home/mlacage/cvs/glib/glib:gslist.c:IA__g_slist_foreach" -> "/home/mlacage/cvs/ORBit2/src/orb/orb-core:iop-profiles.c:IOP_profile_free" [label=630];
"/home/mlacage/cvs/ORBit2/src/orb/orb-core:iop-profiles.c:IOP_profile_free" -> "/home/mlacage/cvs/ORBit2/src/orb/orb-core:iop-profiles.c:IOP_TAG_MULTIPLE_COMPONENTS_free" [label=737];
"/home/mlacage/cvs/ORBit2/src/orb/orb-core:iop-profiles.c:IOP_TAG_MULTIPLE_COMPONENTS_free" -> "/home/mlacage/cvs/ORBit2/src/orb/orb-core:iop-profiles.c:IOP_components_free" [label=680];
"/home/mlacage/cvs/ORBit2/src/orb/orb-core:iop-profiles.c:IOP_components_free" -> "/home/mlacage/cvs/glib/glib:gslist.c:IA__g_slist_foreach" [label=672];
"/home/mlacage/cvs/glib/glib:gslist.c:IA__g_slist_foreach" -> "/home/mlacage/cvs/ORBit2/src/orb/orb-core:iop-profiles.c:IOP_component_free" [label=630];
"/home/mlacage/cvs/ORBit2/src/orb/orb-core:iop-profiles.c:IOP_component_free" -> "/home/mlacage/cvs/glib/glib:gmem.c:IA__g_free" [label=666];
"/home/mlacage/cvs/glib/glib:gslist.c:IA__g_slist_foreach" -> "/home/mlacage/cvs/ORBit2/src/orb/orb-core:iop-profiles.c:IOP_component_free" [label=630];
"/home/mlacage/cvs/ORBit2/src/orb/orb-core:iop-profiles.c:IOP_component_free" -> "/home/mlacage/cvs/glib/glib:gmem.c:IA__g_free" [label=666];
"/home/mlacage/cvs/ORBit2/src/orb/orb-core:iop-profiles.c:IOP_components_free" -> "/home/mlacage/cvs/glib/glib:gslist.c:IA__g_slist_free" [label=673];
"/home/mlacage/cvs/ORBit2/src/orb/orb-core:iop-profiles.c:IOP_profile_free" -> "/home/mlacage/cvs/glib/glib:gmem.c:IA__g_free" [label=750];
"/home/mlacage/cvs/ORBit2/src/orb/orb-core:iop-profiles.c:IOP_delete_profiles" -> "/home/mlacage/cvs/glib/glib:gslist.c:IA__g_slist_free" [label=470];
"/home/mlacage/cvs/ORBit2/src/orb/orb-core:corba-orb.c:strip_object_profiles" -> "/home/mlacage/cvs/ORBit2/src/orb/orb-core:iop-profiles.c:IOP_delete_profiles" [label=106];
"/home/mlacage/cvs/glib/glib:ghash.c:IA__g_hash_table_foreach" -> "/home/mlacage/cvs/ORBit2/src/orb/orb-core:corba-orb.c:strip_object_profiles" [label=563];
"/home/mlacage/cvs/ORBit2/src/orb/orb-core:corba-orb.c:strip_object_profiles" -> "/home/mlacage/cvs/ORBit2/src/orb/orb-core:iop-profiles.c:IOP_delete_profiles" [label=105];
"/home/mlacage/cvs/ORBit2/src/orb/orb-core:corba-orb.c:strip_object_profiles" -> "/home/mlacage/cvs/ORBit2/src/orb/orb-core:iop-profiles.c:IOP_delete_profiles" [label=106];
"/home/mlacage/cvs/ORBit2/src/orb/orb-core:corba-orb.c:ORBit_ORB_shutdown_servers" -> "/home/mlacage/cvs/glib/glib:ghash.c:IA__g_hash_table_destroy" [label=117];
"/home/mlacage/cvs/glib/glib:ghash.c:IA__g_hash_table_destroy" -> "/home/mlacage/cvs/glib/glib:ghash.c:g_hash_nodes_destroy" [label=178];
"/home/mlacage/cvs/glib/glib:ghash.c:IA__g_hash_table_destroy" -> "/home/mlacage/cvs/glib/glib:ghash.c:g_hash_nodes_destroy" [label=178];
"/home/mlacage/cvs/glib/glib:ghash.c:IA__g_hash_table_destroy" -> "/home/mlacage/cvs/glib/glib:ghash.c:g_hash_nodes_destroy" [label=178];
"/home/mlacage/cvs/glib/glib:ghash.c:IA__g_hash_table_destroy" -> "/home/mlacage/cvs/glib/glib:ghash.c:g_hash_nodes_destroy" [label=178];
"/home/mlacage/cvs/glib/glib:ghash.c:IA__g_hash_table_destroy" -> "/home/mlacage/cvs/glib/glib:ghash.c:g_hash_nodes_destroy" [label=178];
"/home/mlacage/cvs/glib/glib:ghash.c:IA__g_hash_table_destroy" -> "/home/mlacage/cvs/glib/glib:ghash.c:g_hash_nodes_destroy" [label=178];
"/home/mlacage/cvs/glib/glib:ghash.c:IA__g_hash_table_destroy" -> "/home/mlacage/cvs/glib/glib:ghash.c:g_hash_nodes_destroy" [label=178];
"/home/mlacage/cvs/glib/glib:ghash.c:IA__g_hash_table_destroy" -> "/home/mlacage/cvs/glib/glib:ghash.c:g_hash_nodes_destroy" [label=178];
"/home/mlacage/cvs/glib/glib:ghash.c:IA__g_hash_table_destroy" -> "/home/mlacage/cvs/glib/glib:ghash.c:g_hash_nodes_destroy" [label=178];
"/home/mlacage/cvs/glib/glib:ghash.c:IA__g_hash_table_destroy" -> "/home/mlacage/cvs/glib/glib:ghash.c:g_hash_nodes_destroy" [label=178];
"/home/mlacage/cvs/glib/glib:ghash.c:IA__g_hash_table_destroy" -> "/home/mlacage/cvs/glib/glib:ghash.c:g_hash_nodes_destroy" [label=178];
"/home/mlacage/cvs/glib/glib:ghash.c:IA__g_hash_table_destroy" -> "/home/mlacage/cvs/glib/glib:gmem.c:IA__g_free" [label=183];
"/home/mlacage/cvs/glib/glib:ghash.c:IA__g_hash_table_destroy" -> "/home/mlacage/cvs/glib/glib:gmem.c:IA__g_free" [label=184];
"/home/mlacage/cvs/ORBit2/src/orb/orb-core:corba-orb.c:ORBit_ORB_shutdown_servers" -> "/home/mlacage/cvs/ORBit2/src/orb/orb-core:iop-profiles.c:IOP_shutdown_profiles" [label=121];
"/home/mlacage/cvs/ORBit2/src/orb/orb-core:iop-profiles.c:IOP_shutdown_profiles" -> "/home/mlacage/cvs/glib/glib:gslist.c:IA__g_slist_foreach" [label=597];
"/home/mlacage/cvs/glib/glib:gslist.c:IA__g_slist_foreach" -> "/home/mlacage/cvs/ORBit2/src/orb/orb-core:iop-profiles.c:IOP_profile_free" [label=630];
"/home/mlacage/cvs/ORBit2/src/orb/orb-core:iop-profiles.c:IOP_profile_free" -> "/home/mlacage/cvs/ORBit2/src/orb/orb-core:iop-profiles.c:IOP_TAG_GENERIC_IOP_free" [label=740];
"/home/mlacage/cvs/ORBit2/src/orb/orb-core:iop-profiles.c:IOP_TAG_GENERIC_IOP_free" -> "/home/mlacage/cvs/ORBit2/src/orb/orb-core:iop-profiles.c:IOP_components_free" [label=701];
"/home/mlacage/cvs/ORBit2/src/orb/orb-core:iop-profiles.c:IOP_components_free" -> "/home/mlacage/cvs/glib/glib:gslist.c:IA__g_slist_foreach" [label=672];
"/home/mlacage/cvs/ORBit2/src/orb/orb-core:iop-profiles.c:IOP_components_free" -> "/home/mlacage/cvs/glib/glib:gslist.c:IA__g_slist_free" [label=673];
"/home/mlacage/cvs/ORBit2/src/orb/orb-core:iop-profiles.c:IOP_TAG_GENERIC_IOP_free" -> "/home/mlacage/cvs/glib/glib:gmem.c:IA__g_free" [label=704];
"/home/mlacage/cvs/ORBit2/src/orb/orb-core:iop-profiles.c:IOP_TAG_GENERIC_IOP_free" -> "/home/mlacage/cvs/glib/glib:gmem.c:IA__g_free" [label=705];
"/home/mlacage/cvs/ORBit2/src/orb/orb-core:iop-profiles.c:IOP_TAG_GENERIC_IOP_free" -> "/home/mlacage/cvs/glib/glib:gmem.c:IA__g_free" [label=706];
"/home/mlacage/cvs/ORBit2/src/orb/orb-core:iop-profiles.c:IOP_profile_free" -> "/home/mlacage/cvs/glib/glib:gmem.c:IA__g_free" [label=750];
"/home/mlacage/cvs/glib/glib:gslist.c:IA__g_slist_foreach" -> "/home/mlacage/cvs/ORBit2/src/orb/orb-core:iop-profiles.c:IOP_profile_free" [label=630];
"/home/mlacage/cvs/ORBit2/src/orb/orb-core:iop-profiles.c:IOP_profile_free" -> "/home/mlacage/cvs/ORBit2/src/orb/orb-core:iop-profiles.c:IOP_TAG_ORBIT_SPECIFIC_free" [label=743];
"/home/mlacage/cvs/ORBit2/src/orb/orb-core:iop-profiles.c:IOP_TAG_ORBIT_SPECIFIC_free" -> "/home/mlacage/cvs/glib/glib:gmem.c:IA__g_free" [label=714];
"/home/mlacage/cvs/ORBit2/src/orb/orb-core:iop-profiles.c:IOP_profile_free" -> "/home/mlacage/cvs/glib/glib:gmem.c:IA__g_free" [label=750];
"/home/mlacage/cvs/glib/glib:gslist.c:IA__g_slist_foreach" -> "/home/mlacage/cvs/ORBit2/src/orb/orb-core:iop-profiles.c:IOP_profile_free" [label=630];
"/home/mlacage/cvs/ORBit2/src/orb/orb-core:iop-profiles.c:IOP_profile_free" -> "/home/mlacage/cvs/ORBit2/src/orb/orb-core:iop-profiles.c:IOP_TAG_MULTIPLE_COMPONENTS_free" [label=737];
"/home/mlacage/cvs/ORBit2/src/orb/orb-core:iop-profiles.c:IOP_TAG_MULTIPLE_COMPONENTS_free" -> "/home/mlacage/cvs/ORBit2/src/orb/orb-core:iop-profiles.c:IOP_components_free" [label=680];
"/home/mlacage/cvs/ORBit2/src/orb/orb-core:iop-profiles.c:IOP_components_free" -> "/home/mlacage/cvs/glib/glib:gslist.c:IA__g_slist_foreach" [label=672];
"/home/mlacage/cvs/glib/glib:gslist.c:IA__g_slist_foreach" -> "/home/mlacage/cvs/ORBit2/src/orb/orb-core:iop-profiles.c:IOP_component_free" [label=630];
"/home/mlacage/cvs/ORBit2/src/orb/orb-core:iop-profiles.c:IOP_component_free" -> "/home/mlacage/cvs/glib/glib:gmem.c:IA__g_free" [label=666];
"/home/mlacage/cvs/glib/glib:gslist.c:IA__g_slist_foreach" -> "/home/mlacage/cvs/ORBit2/src/orb/orb-core:iop-profiles.c:IOP_component_free" [label=630];
"/home/mlacage/cvs/ORBit2/src/orb/orb-core:iop-profiles.c:IOP_component_free" -> "/home/mlacage/cvs/glib/glib:gmem.c:IA__g_free" [label=666];
"/home/mlacage/cvs/ORBit2/src/orb/orb-core:iop-profiles.c:IOP_components_free" -> "/home/mlacage/cvs/glib/glib:gslist.c:IA__g_slist_free" [label=673];
"/home/mlacage/cvs/ORBit2/src/orb/orb-core:iop-profiles.c:IOP_profile_free" -> "/home/mlacage/cvs/glib/glib:gmem.c:IA__g_free" [label=750];
"/home/mlacage/cvs/ORBit2/src/orb/orb-core:iop-profiles.c:IOP_shutdown_profiles" -> "/home/mlacage/cvs/glib/glib:gslist.c:IA__g_slist_free" [label=598];
"/home/mlacage/cvs/ORBit2/src/orb/orb-core:corba-orb.c:ORBit_ORB_shutdown_servers" -> "/home/mlacage/cvs/glib/glib:gslist.c:IA__g_slist_foreach" [label=124];
"/home/mlacage/cvs/glib/glib:gslist.c:IA__g_slist_foreach" -> "/home/mlacage/cvs/glib/gobject:gobject.c:IA__g_object_unref" [label=630];
"/home/mlacage/cvs/glib/gobject:gobject.c:IA__g_object_unref" -> "/home/mlacage/cvs/glib/gobject:gtype.c:IA__g_type_check_instance_is_a" [label=1578];
"/home/mlacage/cvs/glib/gobject:gtype.c:IA__g_type_check_instance_is_a" -> "/home/mlacage/cvs/glib/gobject:gtype.c:lookup_type_node_I" [label=3123];
"/home/mlacage/cvs/glib/gobject:gtype.c:IA__g_type_check_instance_is_a" -> "/home/mlacage/cvs/glib/gobject:gtype.c:lookup_type_node_I" [label=3126];
"/home/mlacage/cvs/glib/gobject:gtype.c:IA__g_type_check_instance_is_a" -> "/home/mlacage/cvs/glib/gobject:gtype.c:type_node_conforms_to_U" [label=3126];
"/home/mlacage/cvs/glib/gobject:gtype.c:type_node_conforms_to_U" -> "/home/mlacage/cvs/glib/gobject:gtype.c:type_node_check_conformities_UorL" [label=2765];
"/home/mlacage/cvs/glib/gobject:gobject.c:IA__g_object_unref" -> "/home/mlacage/cvs/glib/gobject:gobject.c:g_object_last_unref" [label=1591];
"/home/mlacage/cvs/glib/gobject:gobject.c:g_object_last_unref" -> "/home/mlacage/cvs/ORBit2/linc2/src:linc-server.c:link_server_dispose" [label=557];
"/home/mlacage/cvs/ORBit2/linc2/src:linc-server.c:link_server_dispose" -> "/home/mlacage/cvs/glib/glib:glist.c:IA__g_list_remove" [label=80];
"/home/mlacage/cvs/glib/glib:glist.c:IA__g_list_remove" -> "/home/mlacage/cvs/glib/glib:glist.c:_g_list_free_1" [label=408];
"/home/mlacage/cvs/ORBit2/linc2/src:linc-server.c:link_server_dispose" -> "/home/mlacage/cvs/ORBit2/linc2/src:linc-source.c:link_io_remove_watch" [label=89];
"/home/mlacage/cvs/ORBit2/linc2/src:linc-source.c:link_io_remove_watch" -> "/home/mlacage/cvs/ORBit2/linc2/src:linc-source.c:link_watch_unlisten" [label=192];
"/home/mlacage/cvs/ORBit2/linc2/src:linc-source.c:link_watch_unlisten" -> "/home/mlacage/cvs/ORBit2/linc2/src:linc-source.c:link_source_set_condition" [label=178];
"/home/mlacage/cvs/ORBit2/linc2/src:linc-source.c:link_watch_unlisten" -> "/home/mlacage/cvs/glib/glib:gmain.c:IA__g_source_destroy" [label=180];
"/home/mlacage/cvs/glib/glib:gmain.c:IA__g_source_destroy" -> "/home/mlacage/cvs/glib/glib:gmain.c:g_source_destroy_internal" [label=1013];
"/home/mlacage/cvs/glib/glib:gmain.c:g_source_destroy_internal" -> "/home/mlacage/cvs/glib/glib:gmain.c:g_source_callback_unref" [label=975];
"/home/mlacage/cvs/glib/glib:gmain.c:g_source_callback_unref" -> "/home/mlacage/cvs/glib/glib:gmem.c:IA__g_free" [label=1196];
"/home/mlacage/cvs/glib/glib:gmain.c:g_source_destroy_internal" -> "/home/mlacage/cvs/glib/glib:gmain.c:g_main_context_remove_poll_unlocked" [label=982];
"/home/mlacage/cvs/glib/glib:gmain.c:g_main_context_remove_poll_unlocked" -> "/home/mlacage/cvs/glib/glib:gmain.c:g_main_context_wakeup_unlocked" [label=3069];
"/home/mlacage/cvs/glib/glib:gmain.c:g_source_destroy_internal" -> "/home/mlacage/cvs/glib/glib:gmain.c:g_source_unref_internal" [label=985];
"/home/mlacage/cvs/ORBit2/linc2/src:linc-source.c:link_watch_unlisten" -> "/home/mlacage/cvs/glib/glib:gmain.c:IA__g_source_unref" [label=181];
"/home/mlacage/cvs/glib/glib:gmain.c:IA__g_source_unref" -> "/home/mlacage/cvs/glib/glib:gmain.c:g_source_unref_internal" [label=1465];
"/home/mlacage/cvs/glib/glib:gmain.c:g_source_unref_internal" -> "/home/mlacage/cvs/glib/glib:gmain.c:g_source_list_remove" [label=1427];
"/home/mlacage/cvs/glib/glib:gmain.c:g_source_unref_internal" -> "/home/mlacage/cvs/ORBit2/linc2/src:linc-source.c:link_source_finalize" [label=1429];
"/home/mlacage/cvs/glib/glib:gmain.c:g_source_unref_internal" -> "/home/mlacage/cvs/glib/glib:gslist.c:IA__g_slist_free" [label=1432];
"/home/mlacage/cvs/glib/glib:gmain.c:g_source_unref_internal" -> "/home/mlacage/cvs/glib/glib:gmem.c:IA__g_free" [label=1434];
"/home/mlacage/cvs/ORBit2/linc2/src:linc-source.c:link_io_remove_watch" -> "/home/mlacage/cvs/glib/glib:gmem.c:IA__g_free" [label=193];
"/home/mlacage/cvs/ORBit2/linc2/src:linc-server.c:link_server_dispose" -> "/home/mlacage/cvs/ORBit2/linc2/src:linc-protocols.c:link_protocol_destroy_cnx" [label=89];
"/home/mlacage/cvs/ORBit2/linc2/src:linc-protocols.c:link_protocol_destroy_cnx" -> "/home/mlacage/cvs/ORBit2/linc2/src:linc-protocols.c:link_protocol_unix_destroy" [label=937];
"/home/mlacage/cvs/ORBit2/linc2/src:linc-server.c:link_server_dispose" -> "/home/mlacage/cvs/glib/glib:gslist.c:IA__g_slist_free_1" [label=102];
"/home/mlacage/cvs/glib/glib:gslist.c:IA__g_slist_free_1" -> "/home/mlacage/cvs/glib/glib:gslist.c:_g_slist_free_1" [label=194];
"/home/mlacage/cvs/ORBit2/linc2/src:linc-server.c:link_server_dispose" -> "/home/mlacage/cvs/ORBit2/linc2/src:linc-connection.c:link_connection_unref" [label=103];
"/home/mlacage/cvs/ORBit2/linc2/src:linc-connection.c:link_connection_unref" -> "/home/mlacage/cvs/ORBit2/linc2/src:linc.c:link_lock" [label=113];
"/home/mlacage/cvs/ORBit2/linc2/src:linc-connection.c:link_connection_unref" -> "/home/mlacage/cvs/ORBit2/linc2/src:linc-connection.c:link_connection_unref_unlock" [label=115];
"/home/mlacage/cvs/ORBit2/linc2/src:linc-connection.c:link_connection_unref_unlock" -> "/home/mlacage/cvs/glib/glib:glist.c:IA__g_list_remove" [label=76];
"/home/mlacage/cvs/glib/glib:glist.c:IA__g_list_remove" -> "/home/mlacage/cvs/glib/glib:glist.c:_g_list_free_1" [label=408];
"/home/mlacage/cvs/ORBit2/linc2/src:linc-connection.c:link_connection_unref_unlock" -> "/home/mlacage/cvs/ORBit2/linc2/src:linc.c:link_unlock" [label=83];
"/home/mlacage/cvs/ORBit2/linc2/src:linc-connection.c:link_connection_unref_unlock" -> "/home/mlacage/cvs/ORBit2/linc2/src:linc.c:link_exec_command" [label=91];
"/home/mlacage/cvs/ORBit2/linc2/src:linc.c:link_exec_command" -> "/home/mlacage/cvs/ORBit2/linc2/src:linc.c:link_in_io_thread" [label=114];
"/home/mlacage/cvs/ORBit2/linc2/src:linc.c:link_in_io_thread" -> "/home/mlacage/cvs/glib/glib:gthread.c:IA__g_thread_self" [label=278];
"/home/mlacage/cvs/glib/glib:gthread.c:IA__g_thread_self" -> "/home/mlacage/cvs/glib/gthread:gthread-posix.c:g_private_get_posix_impl" [label=664];
"/home/mlacage/cvs/ORBit2/linc2/src:linc.c:link_exec_command" -> "/home/mlacage/cvs/glib/glib:glist.c:IA__g_list_append" [label=129];
"/home/mlacage/cvs/glib/glib:glist.c:IA__g_list_append" -> "/home/mlacage/cvs/glib/glib:glist.c:_g_list_alloc" [label=246];
"/home/mlacage/cvs/ORBit2/linc2/src:linc.c:link_exec_command" -> "/home/mlacage/cvs/ORBit2/linc2/src:linc.c:cmd_is_sync" [label=133];
"/home/mlacage/cvs/ORBit2/linc2/src:linc-server.c:link_server_dispose" -> "/home/mlacage/cvs/glib/glib:gslist.c:IA__g_slist_free_1" [label=102];
"/home/mlacage/cvs/glib/glib:gslist.c:IA__g_slist_free_1" -> "/home/mlacage/cvs/glib/glib:gslist.c:_g_slist_free_1" [label=194];
"/home/mlacage/cvs/ORBit2/linc2/src:linc-server.c:link_server_dispose" -> "/home/mlacage/cvs/ORBit2/linc2/src:linc-connection.c:link_connection_unref" [label=103];
"/home/mlacage/cvs/ORBit2/linc2/src:linc-connection.c:link_connection_unref" -> "/home/mlacage/cvs/ORBit2/linc2/src:linc.c:link_lock" [label=113];
"/home/mlacage/cvs/ORBit2/linc2/src:linc-connection.c:link_connection_unref" -> "/home/mlacage/cvs/ORBit2/linc2/src:linc-connection.c:link_connection_unref_unlock" [label=115];
"/home/mlacage/cvs/ORBit2/linc2/src:linc-connection.c:link_connection_unref_unlock" -> "/home/mlacage/cvs/glib/glib:glist.c:IA__g_list_remove" [label=76];
"/home/mlacage/cvs/glib/glib:glist.c:IA__g_list_remove" -> "/home/mlacage/cvs/glib/glib:glist.c:_g_list_free_1" [label=408];
"/home/mlacage/cvs/ORBit2/linc2/src:linc-connection.c:link_connection_unref_unlock" -> "/home/mlacage/cvs/ORBit2/linc2/src:linc.c:link_unlock" [label=83];
"/home/mlacage/cvs/ORBit2/linc2/src:linc-connection.c:link_connection_unref_unlock" -> "/home/mlacage/cvs/ORBit2/linc2/src:linc.c:link_exec_command" [label=91];
"/home/mlacage/cvs/ORBit2/linc2/src:linc.c:link_exec_command" -> "/home/mlacage/cvs/ORBit2/linc2/src:linc.c:link_in_io_thread" [label=114];
"/home/mlacage/cvs/ORBit2/linc2/src:linc.c:link_in_io_thread" -> "/home/mlacage/cvs/glib/glib:gthread.c:IA__g_thread_self" [label=278];
"/home/mlacage/cvs/glib/glib:gthread.c:IA__g_thread_self" -> "/home/mlacage/cvs/glib/gthread:gthread-posix.c:g_private_get_posix_impl" [label=664];
"/home/mlacage/cvs/ORBit2/linc2/src:linc.c:link_exec_command" -> "/home/mlacage/cvs/glib/glib:glist.c:IA__g_list_append" [label=129];
"/home/mlacage/cvs/glib/glib:glist.c:IA__g_list_append" -> "/home/mlacage/cvs/glib/glib:glist.c:_g_list_alloc" [label=246];
"/home/mlacage/cvs/ORBit2/linc2/src:linc.c:link_exec_command" -> "/home/mlacage/cvs/ORBit2/linc2/src:linc.c:cmd_is_sync" [label=133];
"/home/mlacage/cvs/ORBit2/linc2/src:linc-server.c:link_server_dispose" -> "/home/mlacage/cvs/glib/glib:gslist.c:IA__g_slist_free_1" [label=102];
"/home/mlacage/cvs/glib/glib:gslist.c:IA__g_slist_free_1" -> "/home/mlacage/cvs/glib/glib:gslist.c:_g_slist_free_1" [label=194];
"/home/mlacage/cvs/ORBit2/linc2/src:linc-server.c:link_server_dispose" -> "/home/mlacage/cvs/ORBit2/linc2/src:linc-connection.c:link_connection_unref" [label=103];
"/home/mlacage/cvs/ORBit2/linc2/src:linc-connection.c:link_connection_unref" -> "/home/mlacage/cvs/ORBit2/linc2/src:linc.c:link_lock" [label=113];
"/home/mlacage/cvs/ORBit2/linc2/src:linc-connection.c:link_connection_unref" -> "/home/mlacage/cvs/ORBit2/linc2/src:linc-connection.c:link_connection_unref_unlock" [label=115];
"/home/mlacage/cvs/ORBit2/linc2/src:linc-connection.c:link_connection_unref_unlock" -> "/home/mlacage/cvs/glib/glib:glist.c:IA__g_list_remove" [label=76];
"/home/mlacage/cvs/glib/glib:glist.c:IA__g_list_remove" -> "/home/mlacage/cvs/glib/glib:glist.c:_g_list_free_1" [label=408];
"/home/mlacage/cvs/ORBit2/linc2/src:linc-connection.c:link_connection_unref_unlock" -> "/home/mlacage/cvs/ORBit2/linc2/src:linc.c:link_unlock" [label=83];
"/home/mlacage/cvs/ORBit2/linc2/src:linc-connection.c:link_connection_unref_unlock" -> "/home/mlacage/cvs/ORBit2/linc2/src:linc.c:link_exec_command" [label=91];
"/home/mlacage/cvs/ORBit2/linc2/src:linc.c:link_exec_command" -> "/home/mlacage/cvs/ORBit2/linc2/src:linc.c:link_in_io_thread" [label=114];
"/home/mlacage/cvs/ORBit2/linc2/src:linc.c:link_in_io_thread" -> "/home/mlacage/cvs/glib/glib:gthread.c:IA__g_thread_self" [label=278];
"/home/mlacage/cvs/glib/glib:gthread.c:IA__g_thread_self" -> "/home/mlacage/cvs/glib/gthread:gthread-posix.c:g_private_get_posix_impl" [label=664];
"/home/mlacage/cvs/ORBit2/linc2/src:linc.c:link_exec_command" -> "/home/mlacage/cvs/glib/glib:glist.c:IA__g_list_append" [label=129];
"/home/mlacage/cvs/glib/glib:glist.c:IA__g_list_append" -> "/home/mlacage/cvs/glib/glib:glist.c:_g_list_alloc" [label=246];
"/home/mlacage/cvs/ORBit2/linc2/src:linc.c:link_exec_command" -> "/home/mlacage/cvs/ORBit2/linc2/src:linc.c:cmd_is_sync" [label=133];
"/home/mlacage/cvs/ORBit2/linc2/src:linc-server.c:link_server_dispose" -> "/home/mlacage/cvs/glib/gobject:gobject.c:g_object_real_dispose" [label=103];
"/home/mlacage/cvs/glib/gobject:gobject.c:g_object_real_dispose" -> "/home/mlacage/cvs/glib/gobject:gsignal.c:IA__g_signal_handlers_destroy" [label=523];
"/home/mlacage/cvs/glib/gobject:gsignal.c:IA__g_signal_handlers_destroy" -> "/home/mlacage/cvs/glib/gobject:gtype.c:IA__g_type_check_instance" [label=1811];
"/home/mlacage/cvs/glib/gobject:gtype.c:IA__g_type_check_instance" -> "/home/mlacage/cvs/glib/gobject:gtype.c:lookup_type_node_I" [label=3223];
"/home/mlacage/cvs/glib/gobject:gsignal.c:IA__g_signal_handlers_destroy" -> "/home/mlacage/cvs/glib/glib:ghash.c:IA__g_hash_table_lookup" [label=1816];
"/home/mlacage/cvs/glib/glib:ghash.c:IA__g_hash_table_lookup" -> "/home/mlacage/cvs/glib/glib:ghash.c:g_hash_table_lookup_node" [label=229];
"/home/mlacage/cvs/glib/glib:ghash.c:g_hash_table_lookup_node" -> "/home/mlacage/cvs/glib/glib:gutils.c:IA__g_direct_hash" [label=190];
"/home/mlacage/cvs/glib/gobject:gobject.c:g_object_real_dispose" -> "/home/mlacage/cvs/glib/glib:gdataset.c:IA__g_datalist_id_set_data_full" [label=524];
"/home/mlacage/cvs/glib/glib:gdataset.c:IA__g_datalist_id_set_data_full" -> "/home/mlacage/cvs/glib/glib:gdataset.c:g_data_set_internal" [label=380];
"/home/mlacage/cvs/glib/gobject:gobject.c:g_object_real_dispose" -> "/home/mlacage/cvs/glib/glib:gdataset.c:IA__g_datalist_id_set_data_full" [label=531];
"/home/mlacage/cvs/glib/glib:gdataset.c:IA__g_datalist_id_set_data_full" -> "/home/mlacage/cvs/glib/glib:gdataset.c:g_data_set_internal" [label=380];
"/home/mlacage/cvs/glib/gobject:gobject.c:g_object_last_unref" -> "/home/mlacage/cvs/glib/gobject:gsignal.c:IA__g_signal_handlers_destroy" [label=569];
"/home/mlacage/cvs/glib/gobject:gsignal.c:IA__g_signal_handlers_destroy" -> "/home/mlacage/cvs/glib/gobject:gtype.c:IA__g_type_check_instance" [label=1811];
"/home/mlacage/cvs/glib/gobject:gtype.c:IA__g_type_check_instance" -> "/home/mlacage/cvs/glib/gobject:gtype.c:lookup_type_node_I" [label=3223];
"/home/mlacage/cvs/glib/gobject:gsignal.c:IA__g_signal_handlers_destroy" -> "/home/mlacage/cvs/glib/glib:ghash.c:IA__g_hash_table_lookup" [label=1816];
"/home/mlacage/cvs/glib/glib:ghash.c:IA__g_hash_table_lookup" -> "/home/mlacage/cvs/glib/glib:ghash.c:g_hash_table_lookup_node" [label=229];
"/home/mlacage/cvs/glib/glib:ghash.c:g_hash_table_lookup_node" -> "/home/mlacage/cvs/glib/glib:gutils.c:IA__g_direct_hash" [label=190];
"/home/mlacage/cvs/glib/gobject:gobject.c:g_object_last_unref" -> "/home/mlacage/cvs/glib/glib:gdataset.c:IA__g_datalist_id_set_data_full" [label=570];
"/home/mlacage/cvs/glib/glib:gdataset.c:IA__g_datalist_id_set_data_full" -> "/home/mlacage/cvs/glib/glib:gdataset.c:g_data_set_internal" [label=380];
"/home/mlacage/cvs/glib/gobject:gobject.c:g_object_last_unref" -> "/home/mlacage/cvs/ORBit2/linc2/src:linc-server.c:link_server_finalize" [label=571];
"/home/mlacage/cvs/ORBit2/linc2/src:linc-server.c:link_server_finalize" -> "/home/mlacage/cvs/glib/glib:gmem.c:IA__g_free" [label=114];
"/home/mlacage/cvs/ORBit2/linc2/src:linc-server.c:link_server_finalize" -> "/home/mlacage/cvs/glib/glib:gmem.c:IA__g_free" [label=115];
"/home/mlacage/cvs/ORBit2/linc2/src:linc-server.c:link_server_finalize" -> "/home/mlacage/cvs/glib/glib:gmem.c:IA__g_free" [label=117];
"/home/mlacage/cvs/ORBit2/linc2/src:linc-server.c:link_server_finalize" -> "/home/mlacage/cvs/glib/gobject:gobject.c:g_object_finalize" [label=117];
"/home/mlacage/cvs/glib/gobject:gobject.c:g_object_finalize" -> "/home/mlacage/cvs/glib/glib:gdataset.c:IA__g_datalist_clear" [label=538];
"/home/mlacage/cvs/glib/gobject:gobject.c:g_object_last_unref" -> "/home/mlacage/cvs/glib/gobject:gtype.c:IA__g_type_free_instance" [label=581];
"/home/mlacage/cvs/glib/gobject:gtype.c:IA__g_type_free_instance" -> "/home/mlacage/cvs/glib/gobject:gtype.c:lookup_type_node_I" [label=1609];
"/home/mlacage/cvs/glib/gobject:gtype.c:IA__g_type_free_instance" -> "/home/mlacage/cvs/glib/glib:gmem.c:IA__g_free" [label=1636];
"/home/mlacage/cvs/glib/gobject:gtype.c:IA__g_type_free_instance" -> "/home/mlacage/cvs/glib/gobject:gtype.c:IA__g_type_class_unref" [label=1638];
"/home/mlacage/cvs/glib/gobject:gtype.c:IA__g_type_class_unref" -> "/home/mlacage/cvs/glib/gobject:gtype.c:lookup_type_node_I" [label=2418];
"/home/mlacage/cvs/glib/gobject:gtype.c:IA__g_type_class_unref" -> "/home/mlacage/cvs/glib/glib:gthread.c:IA__g_static_rw_lock_writer_lock" [label=2420];
"/home/mlacage/cvs/glib/gobject:gtype.c:IA__g_type_class_unref" -> "/home/mlacage/cvs/glib/gobject:gtype.c:type_data_unref_Wm" [label=2422];
"/home/mlacage/cvs/glib/gobject:gtype.c:IA__g_type_class_unref" -> "/home/mlacage/cvs/glib/glib:gthread.c:IA__g_static_rw_lock_writer_unlock" [label=2426];
"/home/mlacage/cvs/glib/glib:gthread.c:IA__g_static_rw_lock_writer_unlock" -> "/home/mlacage/cvs/glib/glib:gthread.c:g_static_rw_lock_signal" [label=819];
"/home/mlacage/cvs/ORBit2/src/orb/orb-core:corba-orb.c:ORBit_ORB_shutdown_servers" -> "/home/mlacage/cvs/glib/glib:gslist.c:IA__g_slist_free" [label=125];
"/home/mlacage/cvs/ORBit2/src/orb/orb-core:corba-orb.c:CORBA_ORB_destroy" -> "/home/mlacage/cvs/glib/glib:ghash.c:IA__g_hash_table_foreach" [label=1184];
"/home/mlacage/cvs/glib/glib:ghash.c:IA__g_hash_table_foreach" -> "/home/mlacage/cvs/ORBit2/src/orb/orb-core:corba-orb.c:ORBit_service_list_free_ref" [label=563];
"/home/mlacage/cvs/ORBit2/src/orb/orb-core:corba-orb.c:ORBit_service_list_free_ref" -> "/home/mlacage/cvs/ORBit2/src/orb/orb-core:orbit-object.c:ORBit_RootObject_release" [label=173];
"/home/mlacage/cvs/glib/glib:ghash.c:IA__g_hash_table_foreach" -> "/home/mlacage/cvs/ORBit2/src/orb/orb-core:corba-orb.c:ORBit_service_list_free_ref" [label=563];
"/home/mlacage/cvs/ORBit2/src/orb/orb-core:corba-orb.c:ORBit_service_list_free_ref" -> "/home/mlacage/cvs/ORBit2/src/orb/orb-core:orbit-object.c:ORBit_RootObject_release" [label=173];
"/home/mlacage/cvs/ORBit2/src/orb/orb-core:orbit-object.c:ORBit_RootObject_release" -> "/home/mlacage/cvs/ORBit2/src/orb/orb-core:orbit-object.c:do_unref" [label=187];
"/home/mlacage/cvs/ORBit2/src/orb/orb-core:orbit-object.c:do_unref" -> "/home/mlacage/cvs/ORBit2/src/orb/poa:poa.c:ORBit_POACurrent_free_fn" [label=162];
"/home/mlacage/cvs/ORBit2/src/orb/poa:poa.c:ORBit_POACurrent_free_fn" -> "/home/mlacage/cvs/ORBit2/src/orb/orb-core:orbit-object.c:ORBit_RootObject_release_T" [label=169];
"/home/mlacage/cvs/ORBit2/src/orb/orb-core:orbit-object.c:ORBit_RootObject_release_T" -> "/home/mlacage/cvs/ORBit2/src/orb/orb-core:orbit-object.c:do_unref" [label=175];
"/home/mlacage/cvs/ORBit2/src/orb/poa:poa.c:ORBit_POACurrent_free_fn" -> "/home/mlacage/cvs/glib/glib:gmem.c:IA__g_free" [label=172];
"/home/mlacage/cvs/glib/glib:ghash.c:IA__g_hash_table_foreach" -> "/home/mlacage/cvs/ORBit2/src/orb/orb-core:corba-orb.c:ORBit_service_list_free_ref" [label=563];
"/home/mlacage/cvs/ORBit2/src/orb/orb-core:corba-orb.c:ORBit_service_list_free_ref" -> "/home/mlacage/cvs/ORBit2/src/orb/orb-core:orbit-object.c:ORBit_RootObject_release" [label=173];
"/home/mlacage/cvs/ORBit2/src/orb/orb-core:orbit-object.c:ORBit_RootObject_release" -> "/home/mlacage/cvs/ORBit2/src/orb/orb-core:orbit-object.c:do_unref" [label=187];
"/home/mlacage/cvs/ORBit2/src/orb/orb-core:corba-orb.c:CORBA_ORB_destroy" -> "/home/mlacage/cvs/ORBit2/src/orb/orb-core:orbit-object.c:ORBit_RootObject_release" [label=1188];
"/home/mlacage/cvs/ORBit2/src/orb/orb-core:orbit-object.c:ORBit_RootObject_release" -> "/home/mlacage/cvs/ORBit2/src/orb/orb-core:orbit-object.c:do_unref" [label=187];
"/home/mlacage/cvs/ORBit2/src/orb/orb-core:orbit-object.c:do_unref" -> "/home/mlacage/cvs/ORBit2/src/orb/orb-core:corba-context.c:ORBit_Context_free_fn" [label=162];
"/home/mlacage/cvs/ORBit2/src/orb/orb-core:corba-context.c:ORBit_Context_free_fn" -> "/home/mlacage/cvs/glib/glib:gslist.c:IA__g_slist_foreach" [label=34];
"/home/mlacage/cvs/glib/glib:gslist.c:IA__g_slist_foreach" -> "/home/mlacage/cvs/ORBit2/src/orb/orb-core:corba-context.c:free_child" [label=630];
"/home/mlacage/cvs/ORBit2/src/orb/orb-core:corba-context.c:free_child" -> "/home/mlacage/cvs/ORBit2/src/orb/orb-core:corba-context.c:ORBit_Context_free_fn" [label=25];
"/home/mlacage/cvs/ORBit2/src/orb/orb-core:corba-context.c:ORBit_Context_free_fn" -> "/home/mlacage/cvs/glib/glib:ghash.c:IA__g_hash_table_foreach_remove" [label=39];
"/home/mlacage/cvs/glib/glib:ghash.c:IA__g_hash_table_foreach_remove" -> "/home/mlacage/cvs/glib/glib:ghash.c:g_hash_table_foreach_remove_or_steal" [label=460];
"/home/mlacage/cvs/glib/glib:ghash.c:g_hash_table_foreach_remove_or_steal" -> "/home/mlacage/cvs/ORBit2/src/orb/orb-core:corba-context.c:free_entry" [label=506];
"/home/mlacage/cvs/ORBit2/src/orb/orb-core:corba-context.c:free_entry" -> "/home/mlacage/cvs/glib/glib:gmem.c:IA__g_free" [label=10];
"/home/mlacage/cvs/ORBit2/src/orb/orb-core:corba-context.c:free_entry" -> "/home/mlacage/cvs/glib/glib:gmem.c:IA__g_free" [label=11];
"/home/mlacage/cvs/glib/glib:ghash.c:g_hash_table_foreach_remove_or_steal" -> "/home/mlacage/cvs/glib/glib:ghash.c:g_hash_node_destroy" [label=522];
"/home/mlacage/cvs/glib/glib:ghash.c:g_hash_table_foreach_remove_or_steal" -> "/home/mlacage/cvs/ORBit2/src/orb/orb-core:corba-context.c:free_entry" [label=506];
"/home/mlacage/cvs/ORBit2/src/orb/orb-core:corba-context.c:free_entry" -> "/home/mlacage/cvs/glib/glib:gmem.c:IA__g_free" [label=10];
"/home/mlacage/cvs/ORBit2/src/orb/orb-core:corba-context.c:free_entry" -> "/home/mlacage/cvs/glib/glib:gmem.c:IA__g_free" [label=11];
"/home/mlacage/cvs/glib/glib:ghash.c:g_hash_table_foreach_remove_or_steal" -> "/home/mlacage/cvs/glib/glib:ghash.c:g_hash_node_destroy" [label=522];
"/home/mlacage/cvs/glib/glib:ghash.c:g_hash_table_foreach_remove_or_steal" -> "/home/mlacage/cvs/ORBit2/src/orb/orb-core:corba-context.c:free_entry" [label=506];
"/home/mlacage/cvs/ORBit2/src/orb/orb-core:corba-context.c:free_entry" -> "/home/mlacage/cvs/glib/glib:gmem.c:IA__g_free" [label=10];
"/home/mlacage/cvs/ORBit2/src/orb/orb-core:corba-context.c:free_entry" -> "/home/mlacage/cvs/glib/glib:gmem.c:IA__g_free" [label=11];
"/home/mlacage/cvs/glib/glib:ghash.c:g_hash_table_foreach_remove_or_steal" -> "/home/mlacage/cvs/glib/glib:ghash.c:g_hash_node_destroy" [label=522];
"/home/mlacage/cvs/ORBit2/src/orb/orb-core:corba-context.c:ORBit_Context_free_fn" -> "/home/mlacage/cvs/glib/glib:ghash.c:IA__g_hash_table_destroy" [label=39];
"/home/mlacage/cvs/glib/glib:ghash.c:IA__g_hash_table_destroy" -> "/home/mlacage/cvs/glib/glib:ghash.c:g_hash_nodes_destroy" [label=178];
"/home/mlacage/cvs/glib/glib:ghash.c:IA__g_hash_table_destroy" -> "/home/mlacage/cvs/glib/glib:ghash.c:g_hash_nodes_destroy" [label=178];
"/home/mlacage/cvs/glib/glib:ghash.c:IA__g_hash_table_destroy" -> "/home/mlacage/cvs/glib/glib:ghash.c:g_hash_nodes_destroy" [label=178];
"/home/mlacage/cvs/glib/glib:ghash.c:IA__g_hash_table_destroy" -> "/home/mlacage/cvs/glib/glib:ghash.c:g_hash_nodes_destroy" [label=178];
"/home/mlacage/cvs/glib/glib:ghash.c:IA__g_hash_table_destroy" -> "/home/mlacage/cvs/glib/glib:ghash.c:g_hash_nodes_destroy" [label=178];
"/home/mlacage/cvs/glib/glib:ghash.c:IA__g_hash_table_destroy" -> "/home/mlacage/cvs/glib/glib:ghash.c:g_hash_nodes_destroy" [label=178];
"/home/mlacage/cvs/glib/glib:ghash.c:IA__g_hash_table_destroy" -> "/home/mlacage/cvs/glib/glib:ghash.c:g_hash_nodes_destroy" [label=178];
"/home/mlacage/cvs/glib/glib:ghash.c:IA__g_hash_table_destroy" -> "/home/mlacage/cvs/glib/glib:ghash.c:g_hash_nodes_destroy" [label=178];
"/home/mlacage/cvs/glib/glib:ghash.c:IA__g_hash_table_destroy" -> "/home/mlacage/cvs/glib/glib:ghash.c:g_hash_nodes_destroy" [label=178];
"/home/mlacage/cvs/glib/glib:ghash.c:IA__g_hash_table_destroy" -> "/home/mlacage/cvs/glib/glib:ghash.c:g_hash_nodes_destroy" [label=178];
"/home/mlacage/cvs/glib/glib:ghash.c:IA__g_hash_table_destroy" -> "/home/mlacage/cvs/glib/glib:ghash.c:g_hash_nodes_destroy" [label=178];
"/home/mlacage/cvs/glib/glib:ghash.c:IA__g_hash_table_destroy" -> "/home/mlacage/cvs/glib/glib:gmem.c:IA__g_free" [label=183];
"/home/mlacage/cvs/glib/glib:ghash.c:IA__g_hash_table_destroy" -> "/home/mlacage/cvs/glib/glib:gmem.c:IA__g_free" [label=184];
"/home/mlacage/cvs/ORBit2/src/orb/orb-core:corba-context.c:ORBit_Context_free_fn" -> "/home/mlacage/cvs/glib/glib:gmem.c:IA__g_free" [label=47];
"/home/mlacage/cvs/ORBit2/src/orb/orb-core:corba-context.c:ORBit_Context_free_fn" -> "/home/mlacage/cvs/glib/glib:gmem.c:IA__g_free" [label=49];
"/home/mlacage/cvs/ORBit2/src/orb/orb-core:corba-context.c:ORBit_Context_free_fn" -> "/home/mlacage/cvs/glib/glib:gslist.c:IA__g_slist_free" [label=34];
"/home/mlacage/cvs/ORBit2/src/orb/orb-core:corba-context.c:ORBit_Context_free_fn" -> "/home/mlacage/cvs/glib/glib:gmem.c:IA__g_free" [label=47];
"/home/mlacage/cvs/ORBit2/src/orb/orb-core:corba-context.c:ORBit_Context_free_fn" -> "/home/mlacage/cvs/glib/glib:gmem.c:IA__g_free" [label=49];
"/home/mlacage/cvs/ORBit2/src/orb/orb-core:corba-orb.c:CORBA_ORB_destroy" -> "/home/mlacage/cvs/ORBit2/src/orb/orb-core:corba-env.c:CORBA_exception_set_system" [label=1225];
"/home/mlacage/cvs/ORBit2/src/orb/orb-core:corba-env.c:CORBA_exception_set_system" -> "/home/mlacage/cvs/ORBit2/src/orb/orb-core:orbit-small.c:ORBit_small_alloc" [label=96];
"/home/mlacage/cvs/ORBit2/src/orb/orb-core:orbit-small.c:ORBit_small_alloc" -> "/home/mlacage/cvs/ORBit2/src/orb/orb-core:allocators.c:ORBit_alloc_by_tc" [label=44];
"/home/mlacage/cvs/ORBit2/src/orb/orb-core:allocators.c:ORBit_alloc_by_tc" -> "/home/mlacage/cvs/ORBit2/src/orb/orb-core:corba-any.c:ORBit_gather_alloc_info" [label=359];
"/home/mlacage/cvs/ORBit2/src/orb/orb-core:corba-any.c:ORBit_gather_alloc_info" -> "/home/mlacage/cvs/ORBit2/src/orb/orb-core:corba-any.c:ORBit_gather_alloc_info" [label=43];
"/home/mlacage/cvs/ORBit2/src/orb/orb-core:corba-any.c:ORBit_gather_alloc_info" -> "/home/mlacage/cvs/ORBit2/src/orb/orb-core:corba-any.c:ORBit_gather_alloc_info" [label=43];
"/home/mlacage/cvs/ORBit2/src/orb/orb-core:allocators.c:ORBit_alloc_by_tc" -> "/home/mlacage/cvs/glib/glib:gmem.c:IA__g_malloc0" [label=365];
"/home/mlacage/cvs/ORBit2/src/orb/orb-core:allocators.c:ORBit_alloc_by_tc" -> "/home/mlacage/cvs/ORBit2/src/orb/orb-core:orbit-object.c:ORBit_RootObject_duplicate" [label=367];
"/home/mlacage/cvs/ORBit2/src/orb/orb-core:corba-env.c:CORBA_exception_set_system" -> "/home/mlacage/cvs/ORBit2/src/orb/orb-core:corba-env.c:CORBA_exception_set" [label=101];
"/home/mlacage/cvs/ORBit2/src/orb/orb-core:corba-env.c:CORBA_exception_set" -> "/home/mlacage/cvs/ORBit2/src/orb/orb-core:corba-env.c:CORBA_exception_free" [label=114];
"/home/mlacage/cvs/ORBit2/src/orb/orb-core:corba-env.c:CORBA_exception_set" -> "/home/mlacage/cvs/ORBit2/src/orb/orb-core:corba-string.c:CORBA_string_dup" [label=117];
"/home/mlacage/cvs/ORBit2/src/orb/orb-core:corba-string.c:CORBA_string_dup" -> "/home/mlacage/cvs/ORBit2/src/orb/orb-core:allocators.c:ORBit_alloc_string" [label=22];
"/home/mlacage/cvs/ORBit2/src/orb/orb-core:allocators.c:ORBit_alloc_string" -> "/home/mlacage/cvs/glib/glib:gmem.c:IA__g_malloc" [label=225];
"/home/mlacage/cvs/ORBit2/src/orb/orb-core:corba-orb.c:CORBA_ORB_destroy" -> "/home/mlacage/cvs/ORBit2/src/orb/orb-core:orbit-object.c:ORBit_RootObject_release" [label=1232];
"/home/mlacage/cvs/ORBit2/src/orb/orb-core:orbit-object.c:ORBit_RootObject_release" -> "/home/mlacage/cvs/ORBit2/src/orb/orb-core:orbit-object.c:do_unref" [label=187];
"/home/mlacage/cvs/ORBit2/src/orb/orb-core:corba-orb.c:CORBA_ORB_destroy" -> "/home/mlacage/cvs/ORBit2/src/orb/orb-core:orbit-object.c:ORBit_RootObject_shutdown" [label=1236];
"/home/mlacage/cvs/ORBit2/src/orb/orb-core:corba-orb.c:shutdown_orb" -> "/home/mlacage/cvs/ORBit2/src/orb/orb-core:orbit-object.c:ORBit_RootObject_release" [label=256];
"/home/mlacage/cvs/ORBit2/src/orb/orb-core:orbit-object.c:ORBit_RootObject_release" -> "/home/mlacage/cvs/ORBit2/src/orb/orb-core:orbit-object.c:do_unref" [label=187];
"/home/mlacage/cvs/ORBit2/src/orb/orb-core:corba-orb.c:shutdown_orb" -> "/home/mlacage/cvs/ORBit2/src/orb/orb-core:corba-env.c:CORBA_exception_free" [label=258];
"/home/mlacage/cvs/ORBit2/src/orb/orb-core:corba-env.c:CORBA_exception_free" -> "/home/mlacage/cvs/ORBit2/src/orb/orb-core:corba-env.c:CORBA_exception_free_T" [label=29];
"/home/mlacage/cvs/ORBit2/src/orb/orb-core:corba-env.c:CORBA_exception_free_T" -> "/home/mlacage/cvs/ORBit2/src/orb/orb-core:allocators.c:ORBit_free_T" [label=11];
"/home/mlacage/cvs/ORBit2/src/orb/orb-core:allocators.c:ORBit_free_T" -> "/home/mlacage/cvs/glib/glib:gmem.c:IA__g_free" [label=168];
"/home/mlacage/cvs/ORBit2/src/orb/orb-core:corba-env.c:CORBA_exception_free_T" -> "/home/mlacage/cvs/ORBit2/src/orb/orb-core:corba-any.c:CORBA_any__freekids" [label=12];
"/home/mlacage/cvs/ORBit2/src/orb/orb-core:corba-any.c:CORBA_any__freekids" -> "/home/mlacage/cvs/ORBit2/src/orb/orb-core:allocators.c:ORBit_free_T" [label=774];
"/home/mlacage/cvs/ORBit2/src/orb/orb-core:allocators.c:ORBit_free_T" -> "/home/mlacage/cvs/ORBit2/src/orb/orb-core:allocators.c:ORBit_freekids_via_TypeCode_T" [label=201];
"/home/mlacage/cvs/ORBit2/src/orb/orb-core:allocators.c:ORBit_freekids_via_TypeCode_T" -> "/home/mlacage/cvs/ORBit2/src/orb/orb-core:allocators.c:ORBit_freekids_via_TypeCode_T" [label=65];
"/home/mlacage/cvs/ORBit2/src/orb/orb-core:allocators.c:ORBit_freekids_via_TypeCode_T" -> "/home/mlacage/cvs/ORBit2/src/orb/orb-core:corba-any.c:ORBit_gather_alloc_info" [label=118];
"/home/mlacage/cvs/ORBit2/src/orb/orb-core:allocators.c:ORBit_freekids_via_TypeCode_T" -> "/home/mlacage/cvs/ORBit2/src/orb/orb-core:allocators.c:ORBit_freekids_via_TypeCode_T" [label=65];
"/home/mlacage/cvs/ORBit2/src/orb/orb-core:allocators.c:ORBit_freekids_via_TypeCode_T" -> "/home/mlacage/cvs/ORBit2/src/orb/orb-core:corba-any.c:ORBit_gather_alloc_info" [label=118];
"/home/mlacage/cvs/ORBit2/src/orb/orb-core:allocators.c:ORBit_free_T" -> "/home/mlacage/cvs/glib/glib:gmem.c:IA__g_free" [label=204];
"/home/mlacage/cvs/ORBit2/src/orb/orb-core:allocators.c:ORBit_free_T" -> "/home/mlacage/cvs/ORBit2/src/orb/orb-core:orbit-object.c:ORBit_RootObject_release_T" [label=207];
}
